Agent pid 1069
Identity added: /home/ubuntu/.ssh/id_ed25519 (pachun04@gmail.com)
Starting org.bukkit.craftbukkit.Main
*** Warning, you've not updated in a while! ***
*** Please download a new build as per instructions from https://papermc.io/downloads/paper ***
WARN StatusConsoleListener Advanced terminal features are not available in this environment
[22:52:52 INFO]: [bootstrap] Running Java 21 (OpenJDK 64-Bit Server VM 21.0.5+11-Ubuntu-1ubuntu124.04; Ubuntu null) on Linux 6.8.0-1018-aws (amd64)
[22:52:52 INFO]: [bootstrap] Loading Paper 1.21.1-81-master@13a2395 (2024-09-15T20:39:09Z) for Minecraft 1.21.1
[22:52:53 INFO]: [PluginInitializerManager] Initializing plugins...
[22:52:54 INFO]: [PluginInitializerManager] Initialized 6 plugins
[22:52:54 INFO]: [PluginInitializerManager] Paper plugins (1):
 - AdvancedServerList (5.1.2)
[22:52:54 INFO]: [PluginInitializerManager] Bukkit plugins (5):
 - Chunky (1.4.28), ClearLag (3.2.2), Essentials (2.21.0-dev+151-f2af952), LuckPerms (5.4.150), VeinMiner (2.2.6)
[22:53:00 INFO]: Environment: Environment[sessionHost=https://sessionserver.mojang.com, servicesHost=https://api.minecraftservices.com, name=PROD]
[22:53:02 INFO]: Loaded 1290 recipes
[22:53:03 INFO]: Loaded 1399 advancements
[22:53:03 INFO]: Starting minecraft server version 1.21.1
[22:53:03 INFO]: Loading properties
[22:53:03 INFO]: This server is running Paper version 1.21.1-81-master@13a2395 (2024-09-15T20:39:09Z) (Implementing API version 1.21.1-R0.1-SNAPSHOT)
[22:53:04 INFO]: [spark] This server bundles the spark profiler. For more information please visit https://docs.papermc.io/paper/profiling
[22:53:04 INFO]: Server Ping Player Sample Count: 12
[22:53:04 INFO]: Using 4 threads for Netty based IO
[22:53:05 INFO]: [ChunkTaskScheduler] Chunk system is using 1 I/O threads, 1 worker threads, and population gen parallelism of 1 threads
