Starting org.bukkit.craftbukkit.Main
*** Warning, you've not updated in a while! ***
*** Please download a new build as per instructions from https://papermc.io/downloads/paper ***
WARN StatusConsoleListener Advanced terminal features are not available in this environment
[00:07:28 INFO]: [bootstrap] Running Java 21 (OpenJDK 64-Bit Server VM 21.0.5+11-Ubuntu-1ubuntu124.04; Ubuntu null) on Linux 6.8.0-1018-aws (amd64)
[00:07:28 INFO]: [bootstrap] Loading Paper 1.21.1-81-master@13a2395 (2024-09-15T20:39:09Z) for Minecraft 1.21.1
[00:07:29 INFO]: [PluginInitializerManager] Initializing plugins...
[00:07:30 INFO]: [PluginInitializerManager] Initialized 6 plugins
[00:07:30 INFO]: [PluginInitializerManager] Paper plugins (1):
 - AdvancedServerList (5.1.2)
[00:07:30 INFO]: [PluginInitializerManager] Bukkit plugins (5):
 - Chunky (1.4.28), ClearLag (3.2.2), Essentials (2.21.0-dev+151-f2af952), LuckPerms (5.4.150), VeinMiner (2.2.6)
[00:07:36 INFO]: Environment: Environment[sessionHost=https://sessionserver.mojang.com, servicesHost=https://api.minecraftservices.com, name=PROD]
[00:07:38 INFO]: Loaded 1290 recipes
[00:07:39 INFO]: Loaded 1399 advancements
[00:07:39 INFO]: Starting minecraft server version 1.21.1
[00:07:39 INFO]: Loading properties
[00:07:39 INFO]: This server is running Paper version 1.21.1-81-master@13a2395 (2024-09-15T20:39:09Z) (Implementing API version 1.21.1-R0.1-SNAPSHOT)
[00:07:40 INFO]: [spark] This server bundles the spark profiler. For more information please visit https://docs.papermc.io/paper/profiling
[00:07:40 INFO]: Server Ping Player Sample Count: 12
[00:07:40 INFO]: Using 4 threads for Netty based IO
[00:07:41 INFO]: [ChunkTaskScheduler] Chunk system is using 1 I/O threads, 1 worker threads, and population gen parallelism of 1 threads
[00:07:42 INFO]: Default game type: SURVIVAL
[00:07:42 INFO]: Generating keypair
[00:07:42 INFO]: Starting Minecraft server on *:25565
[00:07:42 INFO]: Using epoll channel type
[00:07:42 INFO]: Paper: Using libdeflate (Linux x86_64) compression from Velocity.
[00:07:42 INFO]: Paper: Using OpenSSL 3.x.x (Linux x86_64) cipher from Velocity.
[00:07:43 INFO]: [LuckPerms] Loading server plugin LuckPerms v5.4.150
[00:07:43 INFO]: [Chunky] Loading server plugin Chunky v1.4.28
[00:07:43 INFO]: [VeinMiner] Loading server plugin VeinMiner v2.2.6
[00:07:43 INFO]: [Essentials] Loading server plugin Essentials v2.21.0-dev+151-f2af952
[00:07:43 INFO]: [ClearLag] Loading server plugin ClearLag v3.2.2
[00:07:43 INFO]: [AdvancedServerList] Loading server plugin AdvancedServerList v5.1.2
[00:07:43 INFO]: Server permissions file permissions.yml is empty, ignoring it
[00:07:43 INFO]: [LuckPerms] Enabling LuckPerms v5.4.150
[00:07:44 INFO]: [96m       [36m __    [0m
[00:07:44 INFO]: [96m  |    [36m|__)   [32mLuckPerms[0m [96mv5.4.150[0m
[00:07:44 INFO]: [96m  |___ [36m|      [90mRunning on Bukkit - Paper[0m
[00:07:44 INFO]: 
[00:07:44 INFO]: [LuckPerms] Loading configuration...
[00:07:44 INFO]: [LuckPerms] Loading storage provider... [H2]
[00:07:45 INFO]: [LuckPerms] Loading internal permission managers...
[00:07:45 INFO]: [LuckPerms] Performing initial data load...
[00:07:45 INFO]: [LuckPerms] Successfully enabled. (took 1726ms)
[00:07:45 INFO]: Preparing level "Wachines"
[00:07:46 INFO]: Preparing start region for dimension minecraft:overworld
[00:07:48 INFO]: Time elapsed: 2083 ms
[00:07:48 INFO]: Preparing start region for dimension minecraft:the_nether
[00:07:49 INFO]: Time elapsed: 392 ms
[00:07:49 INFO]: Preparing start region for dimension minecraft:the_end
[00:07:49 INFO]: Time elapsed: 174 ms
[00:07:49 INFO]: [Chunky] Enabling Chunky v1.4.28
[00:07:49 INFO]: [VeinMiner] Enabling VeinMiner v2.2.6
[00:07:49 INFO]: [VeinMiner] Loading configuration options to local memory
[00:07:50 INFO]: [VeinMiner] Using SQLITE for persistent storage.
[00:07:50 INFO]: [VeinMiner] Added 13 aliases.
[00:07:50 INFO]: [VeinMiner] Registered category with id "Axe" holding 6 unique items and 26 unique blocks.
[00:07:50 INFO]: [VeinMiner] Registered category with id "Hoe" holding 6 unique items and 10 unique blocks.
[00:07:50 INFO]: [VeinMiner] Registered category with id "Pickaxe" holding 6 unique items and 23 unique blocks.
[00:07:50 INFO]: [VeinMiner] Registered category with id "Shears" holding 1 unique items and 27 unique blocks.
[00:07:50 INFO]: [VeinMiner] Registered category with id "Shovel" holding 6 unique items and 10 unique blocks.
[00:07:50 WARN]: [VeinMiner] No block list configured for category with id "Hand"! Is this intentional?
[00:07:50 INFO]: [VeinMiner] Registered category with id "Hand" holding 0 unique items and 0 unique blocks.
[00:07:50 INFO]: [VeinMiner] Performing an update check!
[00:07:50 INFO]: [VeinMiner] Registering commands
[00:07:50 INFO]: [VeinMiner] Registering events
[00:07:50 INFO]: [VeinMiner] Vault not found. Economy support suspended
[00:07:50 INFO]: [VeinMiner] Enabling Plugin Metrics
[00:07:50 INFO]: [VeinMiner] Thanks for enabling Metrics! The anonymous stats are appreciated
[00:07:50 INFO]: [VeinMiner] You are on the latest version of VeinMiner!
[00:07:50 INFO]: [Essentials] Enabling Essentials v2.21.0-dev+151-f2af952
[00:07:53 ERROR]: [Essentials] You are running an unsupported server version!
[00:07:53 INFO]: [Essentials] Attempting to convert old kits in config.yml to new kits.yml
[00:07:53 INFO]: [Essentials] No kits found to migrate.
[00:07:54 INFO]: [Essentials] Loaded 43465 items from items.json.
[00:07:54 INFO]: [Essentials] Using locale es
[00:07:54 INFO]: [Essentials] ServerListPingEvent: Spigot iterator API
[00:07:55 INFO]: [Essentials] Starting Metrics. Opt-out using the global bStats config.
[00:07:55 WARN]: [Essentials] Detected supported permissions plugin LuckPerms without Vault installed.
[00:07:55 WARN]: [Essentials] Features such as chat prefixes/suffixes and group-related functionality will not work until you install Vault.
[00:07:55 INFO]: [Essentials] Using superperms-based permissions.
[00:07:55 INFO]: [ClearLag] Enabling ClearLag v3.2.2
[00:07:55 INFO]: [ClearLag] Using version-adapter: LatestVersionAdapter
[00:07:55 INFO]: [ClearLag] Loading modules...
[00:07:55 WARN]: [ClearLag] Clearlag failed to use the internal TPS tracker during initialization. Reverted to estimation... (Index 3 out of bounds for length 3)
[00:07:55 INFO]: [ClearLag] Modules enabed, loading config values
[00:07:55 INFO]: [ClearLag] Modules have been loaded!
[00:07:55 INFO]: [ClearLag] Clearlag is now enabled!
[00:07:55 WARN]: [ClearLag] Clearlag failed to check for updates - bukkit may be down
[00:07:55 WARN]: java.lang.ArrayIndexOutOfBoundsException: Index 3 out of bounds for length 3
[00:07:55 WARN]: 	at Clearlag.jar//me.minebuilders.clearlag.Util.getBukkitVersion(Util.java:105)
[00:07:55 WARN]: 	at Clearlag.jar//me.minebuilders.clearlag.BukkitUpdater.updateAvailable(BukkitUpdater.java:32)
[00:07:55 WARN]: 	at Clearlag.jar//me.minebuilders.clearlag.BukkitUpdater.run(BukkitUpdater.java:82)
[00:07:55 WARN]: 	at java.base/java.lang.Thread.run(Thread.java:1583)
[00:07:55 INFO]: [AdvancedServerList] Enabling AdvancedServerList v5.1.2
[00:07:55 INFO]: [AdvancedServerList] Registering internal Placeholders...
[00:07:55 INFO]: [AdvancedServerList] Registering player Placeholders...
[00:07:55 INFO]: [AdvancedServerList] Registering server Placeholders...
[00:07:55 INFO]: [AdvancedServerList] Completed internal Placeholder registration!
[00:07:55 INFO]: [AdvancedServerList]            _____ _
[00:07:55 INFO]: [AdvancedServerList]     /\    / ____| |
[00:07:55 INFO]: [AdvancedServerList]    /  \  | (___ | |
[00:07:55 INFO]: [AdvancedServerList]   / /\ \  \___ \| |
[00:07:55 INFO]: [AdvancedServerList]  / ____ \ ____) | |____
[00:07:55 INFO]: [AdvancedServerList] /_/    \_\_____/|______|
[00:07:55 INFO]: [AdvancedServerList] 
[00:07:55 INFO]: [AdvancedServerList] Starting AdvancedServerList v5.1.2...
[00:07:55 INFO]: [AdvancedServerList] Platform: Paper (ID: papermc:paper, Version: 1.21.1, Build: 81)
[00:07:55 INFO]: [AdvancedServerList] Loading config.yml...
[00:07:55 INFO]: [AdvancedServerList] Successfully loaded config.yml!
[00:07:55 INFO]: [AdvancedServerList] Loading profiles...
[00:07:55 INFO]: [AdvancedServerList] Loaded 'default.yml'!
[00:07:55 INFO]: [AdvancedServerList] Successfully loaded 1 profile(s)!
[00:07:55 INFO]: [AdvancedServerList] Loading local image files as Favicons...
[00:07:55 INFO]: [AdvancedServerList] Loaded file 'wachines.png' as Favicon.
[00:07:55 INFO]: [AdvancedServerList] Loading Commands...
[00:07:55 INFO]: [AdvancedServerList] Registered /advancedserverlist:advancedserverlist
[00:07:55 INFO]: [AdvancedServerList] Commands loaded!
[00:07:55 INFO]: [AdvancedServerList] Loading events...
[00:07:55 INFO]: [AdvancedServerList] Events loaded!
[00:07:55 INFO]: [AdvancedServerList] Loading playercache.json...
[00:07:55 INFO]: [AdvancedServerList] Loaded 4 players into cache!
[00:07:55 INFO]: [AdvancedServerList] Loading bStats metrics. Disable it in the global config under /plugins/bstats/
[00:07:55 INFO]: [AdvancedServerList] Metrics loaded!
[00:07:55 INFO]: [AdvancedServerList] Enabling Schedulers...
[00:07:55 INFO]: [AdvancedServerList] Schedulers enabled.
[00:07:55 INFO]: [AdvancedServerList] AdvancedServerList is ready!
[00:07:55 INFO]: [AdvancedServerList] Looking for an update...
[00:07:56 INFO]: [AdvancedServerList] You are running the latest version!
[00:07:56 INFO]: [spark] Starting background profiler...
[00:07:56 INFO]: Done preparing level "Wachines" (11.274s)
[00:07:56 INFO]: Running delayed init tasks
[00:07:56 INFO]: [Essentials] [33mObteniendo información de versión...[0m
[00:07:56 INFO]: Done (29.086s)! For help, type "help"
[00:07:56 INFO]: Timings Reset
[00:07:58 INFO]: UUID of player Pachun is 8f7db103-bf0b-4dbc-8891-1811908cc6bf
[00:08:02 INFO]: Pachun[/186.22.81.88:59967] logged in with entity id 40 at ([Wachines]-146.72596070867615, 68.0, 72.9456759053091)
[00:08:02 INFO]: [33mPachun [0m entro
[00:08:20 INFO]: Pachun issued server command: /stop
[00:08:20 INFO]: [3m[37m[Pachun: Stopping the server][0m
[00:08:20 INFO]: Stopping server
[00:08:20 INFO]: [AdvancedServerList] Disabling AdvancedServerList v5.1.2
[00:08:20 INFO]: [AdvancedServerList] Saving playercache.json file...
[00:08:20 INFO]: [AdvancedServerList] Successfully saved playercache.json file.
[00:08:20 INFO]: [AdvancedServerList] Disabling Update Checker...
[00:08:20 INFO]: [AdvancedServerList] AdvancedServerList disabled!
[00:08:20 INFO]: [ClearLag] Disabling ClearLag v3.2.2
[00:08:20 INFO]: [ClearLag] Clearlag is now disabled!
[00:08:20 INFO]: [Essentials] Disabling Essentials v2.21.0-dev+151-f2af952
[00:08:20 INFO]: [VeinMiner] Disabling VeinMiner v2.2.6
[00:08:20 INFO]: [VeinMiner] Clearing localized data
[00:08:20 INFO]: [Chunky] Disabling Chunky v1.4.28
[00:08:20 INFO]: [LuckPerms] Disabling LuckPerms v5.4.150
[00:08:20 INFO]: [LuckPerms] Starting shutdown process...
[00:08:20 INFO]: [LuckPerms] Closing storage...
[00:08:21 INFO]: [LuckPerms] Goodbye!
[00:08:21 INFO]: Saving players
[00:08:21 INFO]: Pachun lost connection: Server closed
[00:08:21 INFO]: [93mPachun left the game[0m
[00:08:21 INFO]: Saving worlds
[00:08:21 INFO]: Saving chunks for level 'ServerLevel[Wachines]'/minecraft:overworld
[00:08:21 INFO]: [ChunkHolderManager] Waiting 60s for chunk system to halt for world 'Wachines'
[00:08:21 INFO]: [ChunkHolderManager] Halted chunk system for world 'Wachines'
[00:08:21 INFO]: [ChunkHolderManager] Saving all chunkholders for world 'Wachines'
[00:08:22 INFO]: [ChunkHolderManager] Saved 225 block chunks, 225 entity chunks, 0 poi chunks in world 'Wachines' in 0.83s
[00:08:22 INFO]: Saving chunks for level 'ServerLevel[Wachines_nether]'/minecraft:the_nether
[00:08:22 INFO]: [ChunkHolderManager] Waiting 60s for chunk system to halt for world 'Wachines_nether'
[00:08:22 INFO]: [ChunkHolderManager] Halted chunk system for world 'Wachines_nether'
[00:08:22 INFO]: [ChunkHolderManager] Saving all chunkholders for world 'Wachines_nether'
[00:08:22 INFO]: [ChunkHolderManager] Saved 49 block chunks, 49 entity chunks, 0 poi chunks in world 'Wachines_nether' in 0.11s
[00:08:22 INFO]: Saving chunks for level 'ServerLevel[Wachines_the_end]'/minecraft:the_end
[00:08:22 INFO]: [ChunkHolderManager] Waiting 60s for chunk system to halt for world 'Wachines_the_end'
[00:08:22 INFO]: [ChunkHolderManager] Halted chunk system for world 'Wachines_the_end'
[00:08:22 INFO]: [ChunkHolderManager] Saving all chunkholders for world 'Wachines_the_end'
[00:08:22 INFO]: [ChunkHolderManager] Saved 49 block chunks, 49 entity chunks, 0 poi chunks in world 'Wachines_the_end' in 0.05s
[00:08:22 INFO]: ThreadedAnvilChunkStorage (Wachines): All chunks are saved
[00:08:22 INFO]: ThreadedAnvilChunkStorage (DIM-1): All chunks are saved
[00:08:22 INFO]: ThreadedAnvilChunkStorage (DIM1): All chunks are saved
[00:08:22 INFO]: ThreadedAnvilChunkStorage: All dimensions are saved
Starting org.bukkit.craftbukkit.Main
*** Warning, you've not updated in a while! ***
*** Please download a new build as per instructions from https://papermc.io/downloads/paper ***
WARN StatusConsoleListener Advanced terminal features are not available in this environment
[00:10:10 INFO]: [bootstrap] Running Java 21 (OpenJDK 64-Bit Server VM 21.0.5+11-Ubuntu-1ubuntu124.04; Ubuntu null) on Linux 6.8.0-1018-aws (amd64)
[00:10:10 INFO]: [bootstrap] Loading Paper 1.21.1-81-master@13a2395 (2024-09-15T20:39:09Z) for Minecraft 1.21.1
[00:10:10 INFO]: [PluginInitializerManager] Initializing plugins...
[00:10:11 INFO]: [PluginInitializerManager] Initialized 6 plugins
[00:10:11 INFO]: [PluginInitializerManager] Paper plugins (1):
 - AdvancedServerList (5.1.2)
[00:10:11 INFO]: [PluginInitializerManager] Bukkit plugins (5):
 - Chunky (1.4.28), ClearLag (3.2.2), Essentials (2.21.0-dev+151-f2af952), LuckPerms (5.4.150), VeinMiner (2.2.6)
[00:10:17 INFO]: Environment: Environment[sessionHost=https://sessionserver.mojang.com, servicesHost=https://api.minecraftservices.com, name=PROD]
[00:10:20 INFO]: Loaded 1290 recipes
[00:10:20 INFO]: Loaded 1399 advancements
[00:10:20 INFO]: Starting minecraft server version 1.21.1
[00:10:20 INFO]: Loading properties
[00:10:20 INFO]: This server is running Paper version 1.21.1-81-master@13a2395 (2024-09-15T20:39:09Z) (Implementing API version 1.21.1-R0.1-SNAPSHOT)
[00:10:21 INFO]: [spark] This server bundles the spark profiler. For more information please visit https://docs.papermc.io/paper/profiling
[00:10:22 INFO]: Server Ping Player Sample Count: 12
[00:10:22 INFO]: Using 4 threads for Netty based IO
[00:10:23 INFO]: [ChunkTaskScheduler] Chunk system is using 1 I/O threads, 1 worker threads, and population gen parallelism of 1 threads
[00:10:23 INFO]: Default game type: SURVIVAL
[00:10:23 INFO]: Generating keypair
[00:10:23 INFO]: Starting Minecraft server on *:25565
[00:10:23 INFO]: Using epoll channel type
[00:10:23 INFO]: Paper: Using libdeflate (Linux x86_64) compression from Velocity.
[00:10:23 INFO]: Paper: Using OpenSSL 3.x.x (Linux x86_64) cipher from Velocity.
[00:10:24 INFO]: [LuckPerms] Loading server plugin LuckPerms v5.4.150
[00:10:24 INFO]: [Chunky] Loading server plugin Chunky v1.4.28
[00:10:24 INFO]: [VeinMiner] Loading server plugin VeinMiner v2.2.6
[00:10:25 INFO]: [Essentials] Loading server plugin Essentials v2.21.0-dev+151-f2af952
[00:10:25 INFO]: [ClearLag] Loading server plugin ClearLag v3.2.2
[00:10:25 INFO]: [AdvancedServerList] Loading server plugin AdvancedServerList v5.1.2
[00:10:25 INFO]: Server permissions file permissions.yml is empty, ignoring it
[00:10:25 INFO]: [LuckPerms] Enabling LuckPerms v5.4.150
[00:10:25 INFO]: [96m       [36m __    [0m
[00:10:25 INFO]: [96m  |    [36m|__)   [32mLuckPerms[0m [96mv5.4.150[0m
[00:10:25 INFO]: [96m  |___ [36m|      [90mRunning on Bukkit - Paper[0m
[00:10:25 INFO]: 
[00:10:25 INFO]: [LuckPerms] Loading configuration...
[00:10:25 INFO]: [LuckPerms] Loading storage provider... [H2]
[00:10:26 INFO]: [LuckPerms] Loading internal permission managers...
[00:10:26 INFO]: [LuckPerms] Performing initial data load...
[00:10:26 INFO]: [LuckPerms] Successfully enabled. (took 1710ms)
[00:10:26 INFO]: Preparing level "Wachines"
[00:10:28 INFO]: Preparing start region for dimension minecraft:overworld
[00:10:30 INFO]: Time elapsed: 2200 ms
[00:10:30 INFO]: Preparing start region for dimension minecraft:the_nether
[00:10:30 INFO]: Time elapsed: 353 ms
[00:10:30 INFO]: Preparing start region for dimension minecraft:the_end
[00:10:30 INFO]: Time elapsed: 179 ms
[00:10:30 INFO]: [Chunky] Enabling Chunky v1.4.28
[00:10:31 INFO]: [VeinMiner] Enabling VeinMiner v2.2.6
[00:10:31 INFO]: [VeinMiner] Loading configuration options to local memory
[00:10:31 INFO]: [VeinMiner] Using SQLITE for persistent storage.
[00:10:31 INFO]: [VeinMiner] Added 13 aliases.
[00:10:31 INFO]: [VeinMiner] Registered category with id "Axe" holding 6 unique items and 26 unique blocks.
[00:10:31 INFO]: [VeinMiner] Registered category with id "Hoe" holding 6 unique items and 10 unique blocks.
[00:10:31 INFO]: [VeinMiner] Registered category with id "Pickaxe" holding 6 unique items and 23 unique blocks.
[00:10:31 INFO]: [VeinMiner] Registered category with id "Shears" holding 1 unique items and 27 unique blocks.
[00:10:31 INFO]: [VeinMiner] Registered category with id "Shovel" holding 6 unique items and 10 unique blocks.
[00:10:31 WARN]: [VeinMiner] No block list configured for category with id "Hand"! Is this intentional?
[00:10:31 INFO]: [VeinMiner] Registered category with id "Hand" holding 0 unique items and 0 unique blocks.
[00:10:31 INFO]: [VeinMiner] Performing an update check!
[00:10:31 INFO]: [VeinMiner] Registering commands
[00:10:32 INFO]: [VeinMiner] Registering events
[00:10:32 INFO]: [VeinMiner] Vault not found. Economy support suspended
[00:10:32 INFO]: [VeinMiner] Enabling Plugin Metrics
[00:10:32 INFO]: [VeinMiner] You are on the latest version of VeinMiner!
[00:10:32 INFO]: [VeinMiner] Thanks for enabling Metrics! The anonymous stats are appreciated
[00:10:32 INFO]: [Essentials] Enabling Essentials v2.21.0-dev+151-f2af952
[00:10:34 ERROR]: [Essentials] You are running an unsupported server version!
[00:10:35 INFO]: [Essentials] Attempting to convert old kits in config.yml to new kits.yml
[00:10:35 INFO]: [Essentials] No kits found to migrate.
[00:10:35 INFO]: [Essentials] Loaded 43465 items from items.json.
[00:10:36 INFO]: [Essentials] Using locale es
[00:10:36 INFO]: [Essentials] ServerListPingEvent: Spigot iterator API
[00:10:37 INFO]: [Essentials] Starting Metrics. Opt-out using the global bStats config.
[00:10:37 WARN]: [Essentials] Detected supported permissions plugin LuckPerms without Vault installed.
[00:10:37 WARN]: [Essentials] Features such as chat prefixes/suffixes and group-related functionality will not work until you install Vault.
[00:10:37 INFO]: [Essentials] Using superperms-based permissions.
[00:10:37 INFO]: [ClearLag] Enabling ClearLag v3.2.2
[00:10:37 INFO]: [ClearLag] Using version-adapter: LatestVersionAdapter
[00:10:37 INFO]: [ClearLag] Loading modules...
[00:10:37 WARN]: [ClearLag] Clearlag failed to use the internal TPS tracker during initialization. Reverted to estimation... (Index 3 out of bounds for length 3)
[00:10:37 INFO]: [ClearLag] Modules enabed, loading config values
[00:10:37 INFO]: [ClearLag] Modules have been loaded!
[00:10:37 INFO]: [ClearLag] Clearlag is now enabled!
[00:10:37 WARN]: [ClearLag] Clearlag failed to check for updates - bukkit may be down
[00:10:37 WARN]: java.lang.ArrayIndexOutOfBoundsException: Index 3 out of bounds for length 3
[00:10:37 WARN]: 	at Clearlag.jar//me.minebuilders.clearlag.Util.getBukkitVersion(Util.java:105)
[00:10:37 WARN]: 	at Clearlag.jar//me.minebuilders.clearlag.BukkitUpdater.updateAvailable(BukkitUpdater.java:32)
[00:10:37 WARN]: 	at Clearlag.jar//me.minebuilders.clearlag.BukkitUpdater.run(BukkitUpdater.java:82)
[00:10:37 WARN]: 	at java.base/java.lang.Thread.run(Thread.java:1583)
[00:10:37 INFO]: [AdvancedServerList] Enabling AdvancedServerList v5.1.2
[00:10:37 INFO]: [AdvancedServerList] Registering internal Placeholders...
[00:10:37 INFO]: [AdvancedServerList] Registering player Placeholders...
[00:10:37 INFO]: [AdvancedServerList] Registering server Placeholders...
[00:10:37 INFO]: [AdvancedServerList] Completed internal Placeholder registration!
[00:10:37 INFO]: [AdvancedServerList]            _____ _
[00:10:37 INFO]: [AdvancedServerList]     /\    / ____| |
[00:10:37 INFO]: [AdvancedServerList]    /  \  | (___ | |
[00:10:37 INFO]: [AdvancedServerList]   / /\ \  \___ \| |
[00:10:37 INFO]: [AdvancedServerList]  / ____ \ ____) | |____
[00:10:37 INFO]: [AdvancedServerList] /_/    \_\_____/|______|
[00:10:37 INFO]: [AdvancedServerList] 
[00:10:37 INFO]: [AdvancedServerList] Starting AdvancedServerList v5.1.2...
[00:10:37 INFO]: [AdvancedServerList] Platform: Paper (ID: papermc:paper, Version: 1.21.1, Build: 81)
[00:10:37 INFO]: [AdvancedServerList] Loading config.yml...
[00:10:37 INFO]: [AdvancedServerList] Successfully loaded config.yml!
[00:10:37 INFO]: [AdvancedServerList] Loading profiles...
[00:10:37 INFO]: [AdvancedServerList] Loaded 'default.yml'!
[00:10:37 INFO]: [AdvancedServerList] Successfully loaded 1 profile(s)!
[00:10:37 INFO]: [AdvancedServerList] Loading local image files as Favicons...
[00:10:38 INFO]: [AdvancedServerList] Loaded file 'wachines.png' as Favicon.
[00:10:38 INFO]: [AdvancedServerList] Loading Commands...
[00:10:38 INFO]: [AdvancedServerList] Registered /advancedserverlist:advancedserverlist
[00:10:38 INFO]: [AdvancedServerList] Commands loaded!
[00:10:38 INFO]: [AdvancedServerList] Loading events...
[00:10:38 INFO]: [AdvancedServerList] Events loaded!
[00:10:38 INFO]: [AdvancedServerList] Loading playercache.json...
[00:10:38 INFO]: [AdvancedServerList] Loaded 4 players into cache!
[00:10:38 INFO]: [AdvancedServerList] Loading bStats metrics. Disable it in the global config under /plugins/bstats/
[00:10:38 INFO]: [AdvancedServerList] Metrics loaded!
[00:10:38 INFO]: [AdvancedServerList] Enabling Schedulers...
[00:10:38 INFO]: [AdvancedServerList] Schedulers enabled.
[00:10:38 INFO]: [AdvancedServerList] AdvancedServerList is ready!
[00:10:38 INFO]: [AdvancedServerList] Looking for an update...
[00:10:38 INFO]: [spark] Starting background profiler...
[00:10:38 INFO]: [AdvancedServerList] You are running the latest version!
[00:10:38 INFO]: Done preparing level "Wachines" (11.829s)
[00:10:38 INFO]: Running delayed init tasks
[00:10:38 INFO]: [Essentials] [33mObteniendo información de versión...[0m
[00:10:38 INFO]: Done (29.605s)! For help, type "help"
[00:10:38 INFO]: Timings Reset
[00:10:40 INFO]: UUID of player Pachun is 8f7db103-bf0b-4dbc-8891-1811908cc6bf
[00:10:43 INFO]: Pachun[/186.22.81.88:59981] logged in with entity id 39 at ([Wachines]-147.525310881747, 68.0, 73.66852573252136)
[00:10:43 INFO]: [33mPachun [0m entro
[00:10:50 INFO]: Pachun issued server command: /stop
[00:10:50 INFO]: [3m[37m[Pachun: Stopping the server][0m
[00:10:50 INFO]: Stopping server
[00:10:50 INFO]: [AdvancedServerList] Disabling AdvancedServerList v5.1.2
[00:10:50 INFO]: [AdvancedServerList] Saving playercache.json file...
[00:10:50 INFO]: [AdvancedServerList] Successfully saved playercache.json file.
[00:10:50 INFO]: [AdvancedServerList] Disabling Update Checker...
[00:10:50 INFO]: [AdvancedServerList] AdvancedServerList disabled!
[00:10:50 INFO]: [ClearLag] Disabling ClearLag v3.2.2
[00:10:50 INFO]: [ClearLag] Clearlag is now disabled!
[00:10:50 INFO]: [Essentials] Disabling Essentials v2.21.0-dev+151-f2af952
[00:10:50 INFO]: [VeinMiner] Disabling VeinMiner v2.2.6
[00:10:50 INFO]: [VeinMiner] Clearing localized data
[00:10:50 INFO]: [Chunky] Disabling Chunky v1.4.28
[00:10:50 INFO]: [LuckPerms] Disabling LuckPerms v5.4.150
[00:10:50 INFO]: [LuckPerms] Starting shutdown process...
[00:10:50 INFO]: [LuckPerms] Closing storage...
[00:10:50 INFO]: [LuckPerms] Goodbye!
[00:10:50 INFO]: Saving players
[00:10:50 INFO]: Pachun lost connection: Server closed
[00:10:50 INFO]: [93mPachun left the game[0m
[00:10:50 INFO]: Saving worlds
[00:10:50 INFO]: Saving chunks for level 'ServerLevel[Wachines]'/minecraft:overworld
[00:10:50 INFO]: [ChunkHolderManager] Waiting 60s for chunk system to halt for world 'Wachines'
[00:10:50 INFO]: [ChunkHolderManager] Halted chunk system for world 'Wachines'
[00:10:50 INFO]: [ChunkHolderManager] Saving all chunkholders for world 'Wachines'
[00:10:51 INFO]: [ChunkHolderManager] Saved 225 block chunks, 225 entity chunks, 0 poi chunks in world 'Wachines' in 0.89s
[00:10:51 INFO]: Saving chunks for level 'ServerLevel[Wachines_nether]'/minecraft:the_nether
[00:10:51 INFO]: [ChunkHolderManager] Waiting 60s for chunk system to halt for world 'Wachines_nether'
[00:10:51 INFO]: [ChunkHolderManager] Halted chunk system for world 'Wachines_nether'
[00:10:51 INFO]: [ChunkHolderManager] Saving all chunkholders for world 'Wachines_nether'
[00:10:51 INFO]: [ChunkHolderManager] Saved 49 block chunks, 49 entity chunks, 0 poi chunks in world 'Wachines_nether' in 0.10s
[00:10:51 INFO]: Saving chunks for level 'ServerLevel[Wachines_the_end]'/minecraft:the_end
[00:10:51 INFO]: [ChunkHolderManager] Waiting 60s for chunk system to halt for world 'Wachines_the_end'
[00:10:51 INFO]: [ChunkHolderManager] Halted chunk system for world 'Wachines_the_end'
[00:10:51 INFO]: [ChunkHolderManager] Saving all chunkholders for world 'Wachines_the_end'
[00:10:51 INFO]: [ChunkHolderManager] Saved 49 block chunks, 49 entity chunks, 0 poi chunks in world 'Wachines_the_end' in 0.04s
[00:10:51 INFO]: ThreadedAnvilChunkStorage (Wachines): All chunks are saved
[00:10:51 INFO]: ThreadedAnvilChunkStorage (DIM-1): All chunks are saved
[00:10:51 INFO]: ThreadedAnvilChunkStorage (DIM1): All chunks are saved
[00:10:51 INFO]: ThreadedAnvilChunkStorage: All dimensions are saved
Starting org.bukkit.craftbukkit.Main
*** Warning, you've not updated in a while! ***
*** Please download a new build as per instructions from https://papermc.io/downloads/paper ***
WARN StatusConsoleListener Advanced terminal features are not available in this environment
[00:11:32 INFO]: [bootstrap] Running Java 21 (OpenJDK 64-Bit Server VM 21.0.5+11-Ubuntu-1ubuntu124.04; Ubuntu null) on Linux 6.8.0-1018-aws (amd64)
[00:11:32 INFO]: [bootstrap] Loading Paper 1.21.1-81-master@13a2395 (2024-09-15T20:39:09Z) for Minecraft 1.21.1
[00:11:32 INFO]: [PluginInitializerManager] Initializing plugins...
[00:11:33 INFO]: [PluginInitializerManager] Initialized 6 plugins
[00:11:33 INFO]: [PluginInitializerManager] Paper plugins (1):
 - AdvancedServerList (5.1.2)
[00:11:33 INFO]: [PluginInitializerManager] Bukkit plugins (5):
 - Chunky (1.4.28), ClearLag (3.2.2), Essentials (2.21.0-dev+151-f2af952), LuckPerms (5.4.150), VeinMiner (2.2.6)
[00:11:39 INFO]: Environment: Environment[sessionHost=https://sessionserver.mojang.com, servicesHost=https://api.minecraftservices.com, name=PROD]
[00:11:42 INFO]: Loaded 1290 recipes
[00:11:42 INFO]: Loaded 1399 advancements
[00:11:42 INFO]: Starting minecraft server version 1.21.1
[00:11:42 INFO]: Loading properties
[00:11:42 INFO]: This server is running Paper version 1.21.1-81-master@13a2395 (2024-09-15T20:39:09Z) (Implementing API version 1.21.1-R0.1-SNAPSHOT)
[00:11:43 INFO]: [spark] This server bundles the spark profiler. For more information please visit https://docs.papermc.io/paper/profiling
[00:11:43 INFO]: Server Ping Player Sample Count: 12
[00:11:43 INFO]: Using 4 threads for Netty based IO
[00:11:44 INFO]: [ChunkTaskScheduler] Chunk system is using 1 I/O threads, 1 worker threads, and population gen parallelism of 1 threads
[00:11:45 INFO]: Default game type: SURVIVAL
[00:11:45 INFO]: Generating keypair
[00:11:45 INFO]: Starting Minecraft server on *:25565
[00:11:45 INFO]: Using epoll channel type
[00:11:45 INFO]: Paper: Using libdeflate (Linux x86_64) compression from Velocity.
[00:11:45 INFO]: Paper: Using OpenSSL 3.x.x (Linux x86_64) cipher from Velocity.
[00:11:46 INFO]: [LuckPerms] Loading server plugin LuckPerms v5.4.150
[00:11:46 INFO]: [Chunky] Loading server plugin Chunky v1.4.28
[00:11:46 INFO]: [VeinMiner] Loading server plugin VeinMiner v2.2.6
[00:11:46 INFO]: [Essentials] Loading server plugin Essentials v2.21.0-dev+151-f2af952
[00:11:46 INFO]: [ClearLag] Loading server plugin ClearLag v3.2.2
[00:11:46 INFO]: [AdvancedServerList] Loading server plugin AdvancedServerList v5.1.2
[00:11:46 INFO]: Server permissions file permissions.yml is empty, ignoring it
[00:11:46 INFO]: [LuckPerms] Enabling LuckPerms v5.4.150
[00:11:47 INFO]: [96m       [36m __    [0m
[00:11:47 INFO]: [96m  |    [36m|__)   [32mLuckPerms[0m [96mv5.4.150[0m
[00:11:47 INFO]: [96m  |___ [36m|      [90mRunning on Bukkit - Paper[0m
[00:11:47 INFO]: 
[00:11:47 INFO]: [LuckPerms] Loading configuration...
[00:11:47 INFO]: [LuckPerms] Loading storage provider... [H2]
[00:11:48 INFO]: [LuckPerms] Loading internal permission managers...
[00:11:48 INFO]: [LuckPerms] Performing initial data load...
[00:11:48 INFO]: [LuckPerms] Successfully enabled. (took 1557ms)
[00:11:48 INFO]: Preparing level "Wachines"
[00:11:49 INFO]: Preparing start region for dimension minecraft:overworld
[00:11:51 INFO]: Time elapsed: 2012 ms
[00:11:51 INFO]: Preparing start region for dimension minecraft:the_nether
[00:11:51 INFO]: Time elapsed: 373 ms
[00:11:51 INFO]: Preparing start region for dimension minecraft:the_end
[00:11:51 INFO]: Time elapsed: 175 ms
[00:11:51 INFO]: [Chunky] Enabling Chunky v1.4.28
[00:11:52 INFO]: [VeinMiner] Enabling VeinMiner v2.2.6
[00:11:52 INFO]: [VeinMiner] Loading configuration options to local memory
[00:11:52 INFO]: [VeinMiner] Using SQLITE for persistent storage.
[00:11:53 INFO]: [VeinMiner] Added 13 aliases.
[00:11:53 INFO]: [VeinMiner] Registered category with id "Axe" holding 6 unique items and 26 unique blocks.
[00:11:53 INFO]: [VeinMiner] Registered category with id "Hoe" holding 6 unique items and 10 unique blocks.
[00:11:53 INFO]: [VeinMiner] Registered category with id "Pickaxe" holding 6 unique items and 23 unique blocks.
[00:11:53 INFO]: [VeinMiner] Registered category with id "Shears" holding 1 unique items and 27 unique blocks.
[00:11:53 INFO]: [VeinMiner] Registered category with id "Shovel" holding 6 unique items and 10 unique blocks.
[00:11:53 WARN]: [VeinMiner] No block list configured for category with id "Hand"! Is this intentional?
[00:11:53 INFO]: [VeinMiner] Registered category with id "Hand" holding 0 unique items and 0 unique blocks.
[00:11:53 INFO]: [VeinMiner] Performing an update check!
[00:11:53 INFO]: [VeinMiner] Registering commands
[00:11:53 INFO]: [VeinMiner] Registering events
[00:11:53 INFO]: [VeinMiner] Vault not found. Economy support suspended
[00:11:53 INFO]: [VeinMiner] Enabling Plugin Metrics
[00:11:53 INFO]: [VeinMiner] You are on the latest version of VeinMiner!
[00:11:53 INFO]: [VeinMiner] Thanks for enabling Metrics! The anonymous stats are appreciated
[00:11:53 INFO]: [Essentials] Enabling Essentials v2.21.0-dev+151-f2af952
[00:11:55 ERROR]: [Essentials] You are running an unsupported server version!
[00:11:56 INFO]: [Essentials] Attempting to convert old kits in config.yml to new kits.yml
[00:11:56 INFO]: [Essentials] No kits found to migrate.
[00:11:56 INFO]: [Essentials] Loaded 43465 items from items.json.
[00:11:57 INFO]: [Essentials] Using locale es
[00:11:57 INFO]: [Essentials] ServerListPingEvent: Spigot iterator API
[00:11:58 INFO]: [Essentials] Starting Metrics. Opt-out using the global bStats config.
[00:11:58 WARN]: [Essentials] Detected supported permissions plugin LuckPerms without Vault installed.
[00:11:58 WARN]: [Essentials] Features such as chat prefixes/suffixes and group-related functionality will not work until you install Vault.
[00:11:58 INFO]: [Essentials] Using superperms-based permissions.
[00:11:58 INFO]: [ClearLag] Enabling ClearLag v3.2.2
[00:11:58 INFO]: [ClearLag] Using version-adapter: LatestVersionAdapter
[00:11:58 INFO]: [ClearLag] Loading modules...
[00:11:58 WARN]: [ClearLag] Clearlag failed to use the internal TPS tracker during initialization. Reverted to estimation... (Index 3 out of bounds for length 3)
[00:11:58 INFO]: [ClearLag] Modules enabed, loading config values
[00:11:58 INFO]: [ClearLag] Modules have been loaded!
[00:11:58 INFO]: [ClearLag] Clearlag is now enabled!
[00:11:58 WARN]: [ClearLag] Clearlag failed to check for updates - bukkit may be down
[00:11:58 WARN]: java.lang.ArrayIndexOutOfBoundsException: Index 3 out of bounds for length 3
[00:11:58 WARN]: 	at Clearlag.jar//me.minebuilders.clearlag.Util.getBukkitVersion(Util.java:105)
[00:11:58 WARN]: 	at Clearlag.jar//me.minebuilders.clearlag.BukkitUpdater.updateAvailable(BukkitUpdater.java:32)
[00:11:58 WARN]: 	at Clearlag.jar//me.minebuilders.clearlag.BukkitUpdater.run(BukkitUpdater.java:82)
[00:11:58 WARN]: 	at java.base/java.lang.Thread.run(Thread.java:1583)
[00:11:58 INFO]: [AdvancedServerList] Enabling AdvancedServerList v5.1.2
[00:11:58 INFO]: [AdvancedServerList] Registering internal Placeholders...
[00:11:58 INFO]: [AdvancedServerList] Registering player Placeholders...
[00:11:58 INFO]: [AdvancedServerList] Registering server Placeholders...
[00:11:58 INFO]: [AdvancedServerList] Completed internal Placeholder registration!
[00:11:58 INFO]: [AdvancedServerList]            _____ _
[00:11:58 INFO]: [AdvancedServerList]     /\    / ____| |
[00:11:58 INFO]: [AdvancedServerList]    /  \  | (___ | |
[00:11:58 INFO]: [AdvancedServerList]   / /\ \  \___ \| |
[00:11:58 INFO]: [AdvancedServerList]  / ____ \ ____) | |____
[00:11:58 INFO]: [AdvancedServerList] /_/    \_\_____/|______|
[00:11:58 INFO]: [AdvancedServerList] 
[00:11:58 INFO]: [AdvancedServerList] Starting AdvancedServerList v5.1.2...
[00:11:58 INFO]: [AdvancedServerList] Platform: Paper (ID: papermc:paper, Version: 1.21.1, Build: 81)
[00:11:58 INFO]: [AdvancedServerList] Loading config.yml...
[00:11:58 INFO]: [AdvancedServerList] Successfully loaded config.yml!
[00:11:58 INFO]: [AdvancedServerList] Loading profiles...
[00:11:58 INFO]: [AdvancedServerList] Loaded 'default.yml'!
[00:11:58 INFO]: [AdvancedServerList] Successfully loaded 1 profile(s)!
[00:11:58 INFO]: [AdvancedServerList] Loading local image files as Favicons...
[00:11:59 INFO]: [AdvancedServerList] Loaded file 'wachines.png' as Favicon.
[00:11:59 INFO]: [AdvancedServerList] Loading Commands...
[00:11:59 INFO]: [AdvancedServerList] Registered /advancedserverlist:advancedserverlist
[00:11:59 INFO]: [AdvancedServerList] Commands loaded!
[00:11:59 INFO]: [AdvancedServerList] Loading events...
[00:11:59 INFO]: [AdvancedServerList] Events loaded!
[00:11:59 INFO]: [AdvancedServerList] Loading playercache.json...
[00:11:59 INFO]: [AdvancedServerList] Loaded 4 players into cache!
[00:11:59 INFO]: [AdvancedServerList] Loading bStats metrics. Disable it in the global config under /plugins/bstats/
[00:11:59 INFO]: [AdvancedServerList] Metrics loaded!
[00:11:59 INFO]: [AdvancedServerList] Enabling Schedulers...
[00:11:59 INFO]: [AdvancedServerList] Schedulers enabled.
[00:11:59 INFO]: [AdvancedServerList] AdvancedServerList is ready!
[00:11:59 INFO]: [AdvancedServerList] Looking for an update...
[00:11:59 INFO]: [spark] Starting background profiler...
[00:11:59 INFO]: [AdvancedServerList] You are running the latest version!
[00:11:59 INFO]: Done preparing level "Wachines" (11.198s)
[00:11:59 INFO]: Running delayed init tasks
[00:11:59 INFO]: [Essentials] [33mObteniendo información de versión...[0m
[00:11:59 INFO]: Done (28.915s)! For help, type "help"
[00:11:59 INFO]: Timings Reset
[00:12:16 INFO]: UUID of player Pachun is 8f7db103-bf0b-4dbc-8891-1811908cc6bf
[00:12:18 INFO]: Pachun[/186.22.81.88:59999] logged in with entity id 39 at ([Wachines]-150.75440158737896, 69.0, 76.83634392358927)
[00:12:19 INFO]: [33mPachun [0m entro
[00:12:30 INFO]: Pachun issued server command: /stop
[00:12:30 INFO]: [3m[37m[Pachun: Stopping the server][0m
[00:12:30 INFO]: Stopping server
[00:12:30 INFO]: [AdvancedServerList] Disabling AdvancedServerList v5.1.2
[00:12:30 INFO]: [AdvancedServerList] Saving playercache.json file...
[00:12:30 INFO]: [AdvancedServerList] Successfully saved playercache.json file.
[00:12:30 INFO]: [AdvancedServerList] Disabling Update Checker...
[00:12:30 INFO]: [AdvancedServerList] AdvancedServerList disabled!
[00:12:30 INFO]: [ClearLag] Disabling ClearLag v3.2.2
[00:12:30 INFO]: [ClearLag] Clearlag is now disabled!
[00:12:30 INFO]: [Essentials] Disabling Essentials v2.21.0-dev+151-f2af952
[00:12:30 INFO]: [VeinMiner] Disabling VeinMiner v2.2.6
[00:12:30 INFO]: [VeinMiner] Clearing localized data
[00:12:30 INFO]: [Chunky] Disabling Chunky v1.4.28
[00:12:30 INFO]: [LuckPerms] Disabling LuckPerms v5.4.150
[00:12:30 INFO]: [LuckPerms] Starting shutdown process...
[00:12:30 INFO]: [LuckPerms] Closing storage...
[00:12:30 INFO]: [LuckPerms] Goodbye!
[00:12:30 INFO]: Saving players
[00:12:30 INFO]: Pachun lost connection: Server closed
[00:12:30 INFO]: [93mPachun left the game[0m
[00:12:30 INFO]: Saving worlds
[00:12:30 INFO]: Saving chunks for level 'ServerLevel[Wachines]'/minecraft:overworld
[00:12:30 INFO]: [ChunkHolderManager] Waiting 60s for chunk system to halt for world 'Wachines'
[00:12:30 INFO]: [ChunkHolderManager] Halted chunk system for world 'Wachines'
[00:12:30 INFO]: [ChunkHolderManager] Saving all chunkholders for world 'Wachines'
[00:12:31 INFO]: [ChunkHolderManager] Saved 225 block chunks, 225 entity chunks, 0 poi chunks in world 'Wachines' in 0.76s
[00:12:31 INFO]: Saving chunks for level 'ServerLevel[Wachines_nether]'/minecraft:the_nether
[00:12:31 INFO]: [ChunkHolderManager] Waiting 60s for chunk system to halt for world 'Wachines_nether'
[00:12:31 INFO]: [ChunkHolderManager] Halted chunk system for world 'Wachines_nether'
[00:12:31 INFO]: [ChunkHolderManager] Saving all chunkholders for world 'Wachines_nether'
[00:12:31 INFO]: [ChunkHolderManager] Saved 49 block chunks, 49 entity chunks, 0 poi chunks in world 'Wachines_nether' in 0.08s
[00:12:31 INFO]: Saving chunks for level 'ServerLevel[Wachines_the_end]'/minecraft:the_end
[00:12:31 INFO]: [ChunkHolderManager] Waiting 60s for chunk system to halt for world 'Wachines_the_end'
[00:12:31 INFO]: [ChunkHolderManager] Halted chunk system for world 'Wachines_the_end'
[00:12:31 INFO]: [ChunkHolderManager] Saving all chunkholders for world 'Wachines_the_end'
[00:12:31 INFO]: [ChunkHolderManager] Saved 49 block chunks, 49 entity chunks, 0 poi chunks in world 'Wachines_the_end' in 0.04s
[00:12:31 INFO]: ThreadedAnvilChunkStorage (Wachines): All chunks are saved
[00:12:31 INFO]: ThreadedAnvilChunkStorage (DIM-1): All chunks are saved
[00:12:31 INFO]: ThreadedAnvilChunkStorage (DIM1): All chunks are saved
[00:12:31 INFO]: ThreadedAnvilChunkStorage: All dimensions are saved
Starting org.bukkit.craftbukkit.Main
*** Warning, you've not updated in a while! ***
*** Please download a new build as per instructions from https://papermc.io/downloads/paper ***
WARN StatusConsoleListener Advanced terminal features are not available in this environment
[00:13:04 INFO]: [bootstrap] Running Java 21 (OpenJDK 64-Bit Server VM 21.0.5+11-Ubuntu-1ubuntu124.04; Ubuntu null) on Linux 6.8.0-1018-aws (amd64)
[00:13:04 INFO]: [bootstrap] Loading Paper 1.21.1-81-master@13a2395 (2024-09-15T20:39:09Z) for Minecraft 1.21.1
[00:13:05 INFO]: [PluginInitializerManager] Initializing plugins...
[00:13:06 INFO]: [PluginInitializerManager] Initialized 6 plugins
[00:13:06 INFO]: [PluginInitializerManager] Paper plugins (1):
 - AdvancedServerList (5.1.2)
[00:13:06 INFO]: [PluginInitializerManager] Bukkit plugins (5):
 - Chunky (1.4.28), ClearLag (3.2.2), Essentials (2.21.0-dev+151-f2af952), LuckPerms (5.4.150), VeinMiner (2.2.6)
[00:13:12 INFO]: Environment: Environment[sessionHost=https://sessionserver.mojang.com, servicesHost=https://api.minecraftservices.com, name=PROD]
[00:13:14 INFO]: Loaded 1290 recipes
[00:13:15 INFO]: Loaded 1399 advancements
[00:13:15 INFO]: Starting minecraft server version 1.21.1
[00:13:15 INFO]: Loading properties
[00:13:15 INFO]: This server is running Paper version 1.21.1-81-master@13a2395 (2024-09-15T20:39:09Z) (Implementing API version 1.21.1-R0.1-SNAPSHOT)
[00:13:16 INFO]: [spark] This server bundles the spark profiler. For more information please visit https://docs.papermc.io/paper/profiling
[00:13:16 INFO]: Server Ping Player Sample Count: 12
[00:13:16 INFO]: Using 4 threads for Netty based IO
[00:13:17 INFO]: [ChunkTaskScheduler] Chunk system is using 1 I/O threads, 1 worker threads, and population gen parallelism of 1 threads
[00:13:18 INFO]: Default game type: SURVIVAL
[00:13:18 INFO]: Generating keypair
[00:13:18 INFO]: Starting Minecraft server on *:25565
[00:13:18 INFO]: Using epoll channel type
[00:13:18 INFO]: Paper: Using libdeflate (Linux x86_64) compression from Velocity.
[00:13:18 INFO]: Paper: Using OpenSSL 3.x.x (Linux x86_64) cipher from Velocity.
[00:13:19 INFO]: [LuckPerms] Loading server plugin LuckPerms v5.4.150
[00:13:19 INFO]: [Chunky] Loading server plugin Chunky v1.4.28
[00:13:19 INFO]: [VeinMiner] Loading server plugin VeinMiner v2.2.6
[00:13:19 INFO]: [Essentials] Loading server plugin Essentials v2.21.0-dev+151-f2af952
[00:13:19 INFO]: [ClearLag] Loading server plugin ClearLag v3.2.2
[00:13:19 INFO]: [AdvancedServerList] Loading server plugin AdvancedServerList v5.1.2
[00:13:19 INFO]: Server permissions file permissions.yml is empty, ignoring it
[00:13:19 INFO]: [LuckPerms] Enabling LuckPerms v5.4.150
[00:13:20 INFO]: [96m       [36m __    [0m
[00:13:20 INFO]: [96m  |    [36m|__)   [32mLuckPerms[0m [96mv5.4.150[0m
[00:13:20 INFO]: [96m  |___ [36m|      [90mRunning on Bukkit - Paper[0m
[00:13:20 INFO]: 
[00:13:20 INFO]: [LuckPerms] Loading configuration...
[00:13:20 INFO]: [LuckPerms] Loading storage provider... [H2]
[00:13:21 INFO]: [LuckPerms] Loading internal permission managers...
[00:13:21 INFO]: [LuckPerms] Performing initial data load...
[00:13:21 INFO]: [LuckPerms] Successfully enabled. (took 1750ms)
[00:13:21 INFO]: Preparing level "Wachines"
[00:13:22 INFO]: Preparing start region for dimension minecraft:overworld
[00:13:24 INFO]: Time elapsed: 2241 ms
[00:13:24 INFO]: Preparing start region for dimension minecraft:the_nether
[00:13:25 INFO]: Time elapsed: 375 ms
[00:13:25 INFO]: Preparing start region for dimension minecraft:the_end
[00:13:25 INFO]: Time elapsed: 174 ms
[00:13:25 INFO]: [Chunky] Enabling Chunky v1.4.28
[00:13:25 INFO]: [VeinMiner] Enabling VeinMiner v2.2.6
[00:13:25 INFO]: [VeinMiner] Loading configuration options to local memory
[00:13:26 INFO]: [VeinMiner] Using SQLITE for persistent storage.
[00:13:26 INFO]: [VeinMiner] Added 13 aliases.
[00:13:26 INFO]: [VeinMiner] Registered category with id "Axe" holding 6 unique items and 26 unique blocks.
[00:13:26 INFO]: [VeinMiner] Registered category with id "Hoe" holding 6 unique items and 10 unique blocks.
[00:13:26 INFO]: [VeinMiner] Registered category with id "Pickaxe" holding 6 unique items and 23 unique blocks.
[00:13:26 INFO]: [VeinMiner] Registered category with id "Shears" holding 1 unique items and 27 unique blocks.
[00:13:26 INFO]: [VeinMiner] Registered category with id "Shovel" holding 6 unique items and 10 unique blocks.
[00:13:26 WARN]: [VeinMiner] No block list configured for category with id "Hand"! Is this intentional?
[00:13:26 INFO]: [VeinMiner] Registered category with id "Hand" holding 0 unique items and 0 unique blocks.
[00:13:26 INFO]: [VeinMiner] Performing an update check!
[00:13:26 INFO]: [VeinMiner] Registering commands
[00:13:26 INFO]: [VeinMiner] Registering events
[00:13:26 INFO]: [VeinMiner] Vault not found. Economy support suspended
[00:13:26 INFO]: [VeinMiner] Enabling Plugin Metrics
[00:13:26 INFO]: [VeinMiner] You are on the latest version of VeinMiner!
[00:13:26 INFO]: [VeinMiner] Thanks for enabling Metrics! The anonymous stats are appreciated
[00:13:26 INFO]: [Essentials] Enabling Essentials v2.21.0-dev+151-f2af952
[00:13:29 ERROR]: [Essentials] You are running an unsupported server version!
[00:13:29 INFO]: [Essentials] Attempting to convert old kits in config.yml to new kits.yml
[00:13:29 INFO]: [Essentials] No kits found to migrate.
[00:13:30 INFO]: [Essentials] Loaded 43465 items from items.json.
[00:13:30 INFO]: [Essentials] Using locale es
[00:13:30 INFO]: [Essentials] ServerListPingEvent: Spigot iterator API
[00:13:31 INFO]: [Essentials] Starting Metrics. Opt-out using the global bStats config.
[00:13:31 WARN]: [Essentials] Detected supported permissions plugin LuckPerms without Vault installed.
[00:13:31 WARN]: [Essentials] Features such as chat prefixes/suffixes and group-related functionality will not work until you install Vault.
[00:13:31 INFO]: [Essentials] Using superperms-based permissions.
[00:13:31 INFO]: [ClearLag] Enabling ClearLag v3.2.2
[00:13:31 INFO]: [ClearLag] Using version-adapter: LatestVersionAdapter
[00:13:31 INFO]: [ClearLag] Loading modules...
[00:13:31 WARN]: [ClearLag] Clearlag failed to use the internal TPS tracker during initialization. Reverted to estimation... (Index 3 out of bounds for length 3)
[00:13:31 INFO]: [ClearLag] Modules enabed, loading config values
[00:13:31 INFO]: [ClearLag] Modules have been loaded!
[00:13:31 INFO]: [ClearLag] Clearlag is now enabled!
[00:13:31 WARN]: [ClearLag] Clearlag failed to check for updates - bukkit may be down
[00:13:31 WARN]: java.lang.ArrayIndexOutOfBoundsException: Index 3 out of bounds for length 3
[00:13:31 WARN]: 	at Clearlag.jar//me.minebuilders.clearlag.Util.getBukkitVersion(Util.java:105)
[00:13:31 WARN]: 	at Clearlag.jar//me.minebuilders.clearlag.BukkitUpdater.updateAvailable(BukkitUpdater.java:32)
[00:13:31 WARN]: 	at Clearlag.jar//me.minebuilders.clearlag.BukkitUpdater.run(BukkitUpdater.java:82)
[00:13:31 WARN]: 	at java.base/java.lang.Thread.run(Thread.java:1583)
[00:13:31 INFO]: [AdvancedServerList] Enabling AdvancedServerList v5.1.2
[00:13:31 INFO]: [AdvancedServerList] Registering internal Placeholders...
[00:13:31 INFO]: [AdvancedServerList] Registering player Placeholders...
[00:13:31 INFO]: [AdvancedServerList] Registering server Placeholders...
[00:13:31 INFO]: [AdvancedServerList] Completed internal Placeholder registration!
[00:13:31 INFO]: [AdvancedServerList]            _____ _
[00:13:31 INFO]: [AdvancedServerList]     /\    / ____| |
[00:13:31 INFO]: [AdvancedServerList]    /  \  | (___ | |
[00:13:31 INFO]: [AdvancedServerList]   / /\ \  \___ \| |
[00:13:31 INFO]: [AdvancedServerList]  / ____ \ ____) | |____
[00:13:31 INFO]: [AdvancedServerList] /_/    \_\_____/|______|
[00:13:31 INFO]: [AdvancedServerList] 
[00:13:31 INFO]: [AdvancedServerList] Starting AdvancedServerList v5.1.2...
[00:13:31 INFO]: [AdvancedServerList] Platform: Paper (ID: papermc:paper, Version: 1.21.1, Build: 81)
[00:13:31 INFO]: [AdvancedServerList] Loading config.yml...
[00:13:31 INFO]: [AdvancedServerList] Successfully loaded config.yml!
[00:13:31 INFO]: [AdvancedServerList] Loading profiles...
[00:13:32 INFO]: [AdvancedServerList] Loaded 'default.yml'!
[00:13:32 INFO]: [AdvancedServerList] Successfully loaded 1 profile(s)!
[00:13:32 INFO]: [AdvancedServerList] Loading local image files as Favicons...
[00:13:32 INFO]: [AdvancedServerList] Loaded file 'wachines.png' as Favicon.
[00:13:32 INFO]: [AdvancedServerList] Loading Commands...
[00:13:32 INFO]: [AdvancedServerList] Registered /advancedserverlist:advancedserverlist
[00:13:32 INFO]: [AdvancedServerList] Commands loaded!
[00:13:32 INFO]: [AdvancedServerList] Loading events...
[00:13:32 INFO]: [AdvancedServerList] Events loaded!
[00:13:32 INFO]: [AdvancedServerList] Loading playercache.json...
[00:13:32 INFO]: [AdvancedServerList] Loaded 4 players into cache!
[00:13:32 INFO]: [AdvancedServerList] Loading bStats metrics. Disable it in the global config under /plugins/bstats/
[00:13:32 INFO]: [AdvancedServerList] Metrics loaded!
[00:13:32 INFO]: [AdvancedServerList] Enabling Schedulers...
[00:13:32 INFO]: [AdvancedServerList] Schedulers enabled.
[00:13:32 INFO]: [AdvancedServerList] AdvancedServerList is ready!
[00:13:32 INFO]: [AdvancedServerList] Looking for an update...
[00:13:32 INFO]: [AdvancedServerList] You are running the latest version!
[00:13:32 INFO]: [spark] Starting background profiler...
[00:13:33 INFO]: Done preparing level "Wachines" (11.538s)
[00:13:33 INFO]: Running delayed init tasks
[00:13:33 INFO]: [Essentials] [33mObteniendo información de versión...[0m
[00:13:33 INFO]: Done (29.538s)! For help, type "help"
[00:13:33 INFO]: Timings Reset
[00:13:39 INFO]: UUID of player Pachun is 8f7db103-bf0b-4dbc-8891-1811908cc6bf
[00:13:41 INFO]: Pachun[/186.22.81.88:60008] logged in with entity id 41 at ([Wachines]-154.61292191634402, 66.0, 65.89140359189973)
[00:13:42 INFO]: [33mPachun [0m entro
[00:13:47 INFO]: Pachun issued server command: /stop
[00:13:47 INFO]: [3m[37m[Pachun: Stopping the server][0m
[00:13:47 INFO]: Stopping server
[00:13:47 INFO]: [AdvancedServerList] Disabling AdvancedServerList v5.1.2
[00:13:47 INFO]: [AdvancedServerList] Saving playercache.json file...
[00:13:47 INFO]: [AdvancedServerList] Successfully saved playercache.json file.
[00:13:47 INFO]: [AdvancedServerList] Disabling Update Checker...
[00:13:47 INFO]: [AdvancedServerList] AdvancedServerList disabled!
[00:13:47 INFO]: [ClearLag] Disabling ClearLag v3.2.2
[00:13:47 INFO]: [ClearLag] Clearlag is now disabled!
[00:13:47 INFO]: [Essentials] Disabling Essentials v2.21.0-dev+151-f2af952
[00:13:47 INFO]: [VeinMiner] Disabling VeinMiner v2.2.6
[00:13:47 INFO]: [VeinMiner] Clearing localized data
[00:13:47 INFO]: [Chunky] Disabling Chunky v1.4.28
[00:13:47 INFO]: [LuckPerms] Disabling LuckPerms v5.4.150
[00:13:47 INFO]: [LuckPerms] Starting shutdown process...
[00:13:47 INFO]: [LuckPerms] Closing storage...
[00:13:47 INFO]: [LuckPerms] Goodbye!
[00:13:47 INFO]: Saving players
[00:13:47 INFO]: Pachun lost connection: Server closed
[00:13:48 INFO]: [93mPachun left the game[0m
[00:13:48 INFO]: Saving worlds
[00:13:48 INFO]: Saving chunks for level 'ServerLevel[Wachines]'/minecraft:overworld
[00:13:48 INFO]: [ChunkHolderManager] Waiting 60s for chunk system to halt for world 'Wachines'
[00:13:48 INFO]: [ChunkHolderManager] Halted chunk system for world 'Wachines'
[00:13:48 INFO]: [ChunkHolderManager] Saving all chunkholders for world 'Wachines'
[00:13:49 INFO]: [ChunkHolderManager] Saved 225 block chunks, 225 entity chunks, 0 poi chunks in world 'Wachines' in 1.05s
[00:13:49 INFO]: Saving chunks for level 'ServerLevel[Wachines_nether]'/minecraft:the_nether
[00:13:49 INFO]: [ChunkHolderManager] Waiting 60s for chunk system to halt for world 'Wachines_nether'
[00:13:49 INFO]: [ChunkHolderManager] Halted chunk system for world 'Wachines_nether'
[00:13:49 INFO]: [ChunkHolderManager] Saving all chunkholders for world 'Wachines_nether'
[00:13:49 INFO]: [ChunkHolderManager] Saved 49 block chunks, 49 entity chunks, 0 poi chunks in world 'Wachines_nether' in 0.10s
[00:13:49 INFO]: Saving chunks for level 'ServerLevel[Wachines_the_end]'/minecraft:the_end
[00:13:49 INFO]: [ChunkHolderManager] Waiting 60s for chunk system to halt for world 'Wachines_the_end'
[00:13:49 INFO]: [ChunkHolderManager] Halted chunk system for world 'Wachines_the_end'
[00:13:49 INFO]: [ChunkHolderManager] Saving all chunkholders for world 'Wachines_the_end'
[00:13:49 INFO]: [ChunkHolderManager] Saved 49 block chunks, 49 entity chunks, 0 poi chunks in world 'Wachines_the_end' in 0.05s
[00:13:49 INFO]: ThreadedAnvilChunkStorage (Wachines): All chunks are saved
[00:13:49 INFO]: ThreadedAnvilChunkStorage (DIM-1): All chunks are saved
[00:13:49 INFO]: ThreadedAnvilChunkStorage (DIM1): All chunks are saved
[00:13:49 INFO]: ThreadedAnvilChunkStorage: All dimensions are saved
Starting org.bukkit.craftbukkit.Main
*** Warning, you've not updated in a while! ***
*** Please download a new build as per instructions from https://papermc.io/downloads/paper ***
WARN StatusConsoleListener Advanced terminal features are not available in this environment
[00:15:02 INFO]: [bootstrap] Running Java 21 (OpenJDK 64-Bit Server VM 21.0.5+11-Ubuntu-1ubuntu124.04; Ubuntu null) on Linux 6.8.0-1018-aws (amd64)
[00:15:02 INFO]: [bootstrap] Loading Paper 1.21.1-81-master@13a2395 (2024-09-15T20:39:09Z) for Minecraft 1.21.1
[00:15:03 INFO]: [PluginInitializerManager] Initializing plugins...
[00:15:04 INFO]: [PluginInitializerManager] Initialized 6 plugins
[00:15:04 INFO]: [PluginInitializerManager] Paper plugins (1):
 - AdvancedServerList (5.1.2)
[00:15:04 INFO]: [PluginInitializerManager] Bukkit plugins (5):
 - Chunky (1.4.28), ClearLag (3.2.2), Essentials (2.21.0-dev+151-f2af952), LuckPerms (5.4.150), VeinMiner (2.2.6)
[00:15:10 INFO]: Environment: Environment[sessionHost=https://sessionserver.mojang.com, servicesHost=https://api.minecraftservices.com, name=PROD]
[00:15:12 INFO]: Loaded 1290 recipes
[00:15:13 INFO]: Loaded 1399 advancements
[00:15:13 INFO]: Starting minecraft server version 1.21.1
[00:15:13 INFO]: Loading properties
[00:15:13 INFO]: This server is running Paper version 1.21.1-81-master@13a2395 (2024-09-15T20:39:09Z) (Implementing API version 1.21.1-R0.1-SNAPSHOT)
[00:15:14 INFO]: [spark] This server bundles the spark profiler. For more information please visit https://docs.papermc.io/paper/profiling
[00:15:14 INFO]: Server Ping Player Sample Count: 12
[00:15:14 INFO]: Using 4 threads for Netty based IO
[00:15:15 INFO]: [ChunkTaskScheduler] Chunk system is using 1 I/O threads, 1 worker threads, and population gen parallelism of 1 threads
[00:15:16 INFO]: Default game type: SURVIVAL
[00:15:16 INFO]: Generating keypair
[00:15:16 INFO]: Starting Minecraft server on *:25565
[00:15:16 INFO]: Using epoll channel type
[00:15:16 INFO]: Paper: Using libdeflate (Linux x86_64) compression from Velocity.
[00:15:16 INFO]: Paper: Using OpenSSL 3.x.x (Linux x86_64) cipher from Velocity.
[00:15:17 INFO]: [LuckPerms] Loading server plugin LuckPerms v5.4.150
[00:15:17 INFO]: [Chunky] Loading server plugin Chunky v1.4.28
[00:15:17 INFO]: [VeinMiner] Loading server plugin VeinMiner v2.2.6
[00:15:17 INFO]: [Essentials] Loading server plugin Essentials v2.21.0-dev+151-f2af952
[00:15:17 INFO]: [ClearLag] Loading server plugin ClearLag v3.2.2
[00:15:17 INFO]: [AdvancedServerList] Loading server plugin AdvancedServerList v5.1.2
[00:15:17 INFO]: Server permissions file permissions.yml is empty, ignoring it
[00:15:17 INFO]: [LuckPerms] Enabling LuckPerms v5.4.150
[00:15:18 INFO]: [96m       [36m __    [0m
[00:15:18 INFO]: [96m  |    [36m|__)   [32mLuckPerms[0m [96mv5.4.150[0m
[00:15:18 INFO]: [96m  |___ [36m|      [90mRunning on Bukkit - Paper[0m
[00:15:18 INFO]: 
[00:15:18 INFO]: [LuckPerms] Loading configuration...
[00:15:18 INFO]: [LuckPerms] Loading storage provider... [H2]
[00:15:18 INFO]: [LuckPerms] Loading internal permission managers...
[00:15:18 INFO]: [LuckPerms] Performing initial data load...
[00:15:19 INFO]: [LuckPerms] Successfully enabled. (took 1526ms)
[00:15:19 INFO]: Preparing level "Wachines"
[00:15:20 INFO]: Preparing start region for dimension minecraft:overworld
[00:15:22 INFO]: Time elapsed: 2271 ms
[00:15:22 INFO]: Preparing start region for dimension minecraft:the_nether
[00:15:22 INFO]: Time elapsed: 372 ms
[00:15:22 INFO]: Preparing start region for dimension minecraft:the_end
[00:15:22 INFO]: Time elapsed: 180 ms
[00:15:22 INFO]: [Chunky] Enabling Chunky v1.4.28
[00:15:23 INFO]: [VeinMiner] Enabling VeinMiner v2.2.6
[00:15:23 INFO]: [VeinMiner] Loading configuration options to local memory
[00:15:23 INFO]: [VeinMiner] Using SQLITE for persistent storage.
[00:15:24 INFO]: [VeinMiner] Added 13 aliases.
[00:15:24 INFO]: [VeinMiner] Registered category with id "Axe" holding 6 unique items and 26 unique blocks.
[00:15:24 INFO]: [VeinMiner] Registered category with id "Hoe" holding 6 unique items and 10 unique blocks.
[00:15:24 INFO]: [VeinMiner] Registered category with id "Pickaxe" holding 6 unique items and 23 unique blocks.
[00:15:24 INFO]: [VeinMiner] Registered category with id "Shears" holding 1 unique items and 27 unique blocks.
[00:15:24 INFO]: [VeinMiner] Registered category with id "Shovel" holding 6 unique items and 10 unique blocks.
[00:15:24 WARN]: [VeinMiner] No block list configured for category with id "Hand"! Is this intentional?
[00:15:24 INFO]: [VeinMiner] Registered category with id "Hand" holding 0 unique items and 0 unique blocks.
[00:15:24 INFO]: [VeinMiner] Performing an update check!
[00:15:24 INFO]: [VeinMiner] Registering commands
[00:15:24 INFO]: [VeinMiner] Registering events
[00:15:24 INFO]: [VeinMiner] Vault not found. Economy support suspended
[00:15:24 INFO]: [VeinMiner] Enabling Plugin Metrics
[00:15:24 INFO]: [VeinMiner] You are on the latest version of VeinMiner!
[00:15:24 INFO]: [VeinMiner] Thanks for enabling Metrics! The anonymous stats are appreciated
[00:15:24 INFO]: [Essentials] Enabling Essentials v2.21.0-dev+151-f2af952
[00:15:27 ERROR]: [Essentials] You are running an unsupported server version!
[00:15:27 INFO]: [Essentials] Attempting to convert old kits in config.yml to new kits.yml
[00:15:27 INFO]: [Essentials] No kits found to migrate.
[00:15:28 INFO]: [Essentials] Loaded 43465 items from items.json.
[00:15:28 INFO]: [Essentials] Using locale es
[00:15:28 INFO]: [Essentials] ServerListPingEvent: Spigot iterator API
[00:15:29 INFO]: [Essentials] Starting Metrics. Opt-out using the global bStats config.
[00:15:29 WARN]: [Essentials] Detected supported permissions plugin LuckPerms without Vault installed.
[00:15:29 WARN]: [Essentials] Features such as chat prefixes/suffixes and group-related functionality will not work until you install Vault.
[00:15:29 INFO]: [Essentials] Using superperms-based permissions.
[00:15:29 INFO]: [ClearLag] Enabling ClearLag v3.2.2
[00:15:29 INFO]: [ClearLag] Using version-adapter: LatestVersionAdapter
[00:15:29 INFO]: [ClearLag] Loading modules...
[00:15:29 WARN]: [ClearLag] Clearlag failed to use the internal TPS tracker during initialization. Reverted to estimation... (Index 3 out of bounds for length 3)
[00:15:29 INFO]: [ClearLag] Modules enabed, loading config values
[00:15:29 INFO]: [ClearLag] Modules have been loaded!
[00:15:29 INFO]: [ClearLag] Clearlag is now enabled!
[00:15:29 WARN]: [ClearLag] Clearlag failed to check for updates - bukkit may be down
[00:15:29 WARN]: java.lang.ArrayIndexOutOfBoundsException: Index 3 out of bounds for length 3
[00:15:29 WARN]: 	at Clearlag.jar//me.minebuilders.clearlag.Util.getBukkitVersion(Util.java:105)
[00:15:29 WARN]: 	at Clearlag.jar//me.minebuilders.clearlag.BukkitUpdater.updateAvailable(BukkitUpdater.java:32)
[00:15:29 WARN]: 	at Clearlag.jar//me.minebuilders.clearlag.BukkitUpdater.run(BukkitUpdater.java:82)
[00:15:29 WARN]: 	at java.base/java.lang.Thread.run(Thread.java:1583)
[00:15:29 INFO]: [AdvancedServerList] Enabling AdvancedServerList v5.1.2
[00:15:29 INFO]: [AdvancedServerList] Registering internal Placeholders...
[00:15:29 INFO]: [AdvancedServerList] Registering player Placeholders...
[00:15:29 INFO]: [AdvancedServerList] Registering server Placeholders...
[00:15:29 INFO]: [AdvancedServerList] Completed internal Placeholder registration!
[00:15:29 INFO]: [AdvancedServerList]            _____ _
[00:15:29 INFO]: [AdvancedServerList]     /\    / ____| |
[00:15:29 INFO]: [AdvancedServerList]    /  \  | (___ | |
[00:15:29 INFO]: [AdvancedServerList]   / /\ \  \___ \| |
[00:15:29 INFO]: [AdvancedServerList]  / ____ \ ____) | |____
[00:15:29 INFO]: [AdvancedServerList] /_/    \_\_____/|______|
[00:15:29 INFO]: [AdvancedServerList] 
[00:15:29 INFO]: [AdvancedServerList] Starting AdvancedServerList v5.1.2...
[00:15:29 INFO]: [AdvancedServerList] Platform: Paper (ID: papermc:paper, Version: 1.21.1, Build: 81)
[00:15:29 INFO]: [AdvancedServerList] Loading config.yml...
[00:15:29 INFO]: [AdvancedServerList] Successfully loaded config.yml!
[00:15:29 INFO]: [AdvancedServerList] Loading profiles...
[00:15:29 INFO]: [AdvancedServerList] Loaded 'default.yml'!
[00:15:29 INFO]: [AdvancedServerList] Successfully loaded 1 profile(s)!
[00:15:29 INFO]: [AdvancedServerList] Loading local image files as Favicons...
[00:15:29 INFO]: [AdvancedServerList] Loaded file 'wachines.png' as Favicon.
[00:15:29 INFO]: [AdvancedServerList] Loading Commands...
[00:15:29 INFO]: [AdvancedServerList] Registered /advancedserverlist:advancedserverlist
[00:15:29 INFO]: [AdvancedServerList] Commands loaded!
[00:15:29 INFO]: [AdvancedServerList] Loading events...
[00:15:29 INFO]: [AdvancedServerList] Events loaded!
[00:15:29 INFO]: [AdvancedServerList] Loading playercache.json...
[00:15:29 INFO]: [AdvancedServerList] Loaded 4 players into cache!
[00:15:29 INFO]: [AdvancedServerList] Loading bStats metrics. Disable it in the global config under /plugins/bstats/
[00:15:29 INFO]: [AdvancedServerList] Metrics loaded!
[00:15:29 INFO]: [AdvancedServerList] Enabling Schedulers...
[00:15:29 INFO]: [AdvancedServerList] Schedulers enabled.
[00:15:29 INFO]: [AdvancedServerList] AdvancedServerList is ready!
[00:15:29 INFO]: [AdvancedServerList] Looking for an update...
[00:15:29 INFO]: [AdvancedServerList] You are running the latest version!
[00:15:30 INFO]: [spark] Starting background profiler...
[00:15:30 INFO]: Done preparing level "Wachines" (11.341s)
[00:15:30 INFO]: Running delayed init tasks
[00:15:30 INFO]: [Essentials] [33mObteniendo información de versión...[0m
[00:15:30 INFO]: Done (28.996s)! For help, type "help"
[00:15:30 INFO]: Timings Reset
[00:15:31 INFO]: UUID of player Pachun is 8f7db103-bf0b-4dbc-8891-1811908cc6bf
[00:15:33 INFO]: Pachun[/186.22.81.88:60017] logged in with entity id 41 at ([Wachines]-153.5387221039646, 66.0, 66.11897703821906)
[00:15:34 INFO]: [33mPachun [0m entro
[00:15:44 INFO]: Pachun issued server command: /stop
[00:15:44 INFO]: [3m[37m[Pachun: Stopping the server][0m
[00:15:44 INFO]: Stopping server
[00:15:44 INFO]: [AdvancedServerList] Disabling AdvancedServerList v5.1.2
[00:15:44 INFO]: [AdvancedServerList] Saving playercache.json file...
[00:15:44 INFO]: [AdvancedServerList] Successfully saved playercache.json file.
[00:15:44 INFO]: [AdvancedServerList] Disabling Update Checker...
[00:15:44 INFO]: [AdvancedServerList] AdvancedServerList disabled!
[00:15:44 INFO]: [ClearLag] Disabling ClearLag v3.2.2
[00:15:44 INFO]: [ClearLag] Clearlag is now disabled!
[00:15:44 INFO]: [Essentials] Disabling Essentials v2.21.0-dev+151-f2af952
[00:15:44 INFO]: [VeinMiner] Disabling VeinMiner v2.2.6
[00:15:44 INFO]: [VeinMiner] Clearing localized data
[00:15:44 INFO]: [Chunky] Disabling Chunky v1.4.28
[00:15:44 INFO]: [LuckPerms] Disabling LuckPerms v5.4.150
[00:15:44 INFO]: [LuckPerms] Starting shutdown process...
[00:15:44 INFO]: [LuckPerms] Closing storage...
[00:15:44 INFO]: [LuckPerms] Goodbye!
[00:15:44 INFO]: Saving players
[00:15:44 INFO]: Pachun lost connection: Server closed
[00:15:44 INFO]: [93mPachun left the game[0m
[00:15:44 INFO]: Saving worlds
[00:15:44 INFO]: Saving chunks for level 'ServerLevel[Wachines]'/minecraft:overworld
[00:15:44 INFO]: [ChunkHolderManager] Waiting 60s for chunk system to halt for world 'Wachines'
[00:15:44 INFO]: [ChunkHolderManager] Halted chunk system for world 'Wachines'
[00:15:44 INFO]: [ChunkHolderManager] Saving all chunkholders for world 'Wachines'
[00:15:45 INFO]: [ChunkHolderManager] Saved 225 block chunks, 225 entity chunks, 0 poi chunks in world 'Wachines' in 0.83s
[00:15:45 INFO]: Saving chunks for level 'ServerLevel[Wachines_nether]'/minecraft:the_nether
[00:15:45 INFO]: [ChunkHolderManager] Waiting 60s for chunk system to halt for world 'Wachines_nether'
[00:15:45 INFO]: [ChunkHolderManager] Halted chunk system for world 'Wachines_nether'
[00:15:45 INFO]: [ChunkHolderManager] Saving all chunkholders for world 'Wachines_nether'
[00:15:45 INFO]: [ChunkHolderManager] Saved 49 block chunks, 49 entity chunks, 0 poi chunks in world 'Wachines_nether' in 0.10s
[00:15:45 INFO]: Saving chunks for level 'ServerLevel[Wachines_the_end]'/minecraft:the_end
[00:15:45 INFO]: [ChunkHolderManager] Waiting 60s for chunk system to halt for world 'Wachines_the_end'
[00:15:45 INFO]: [ChunkHolderManager] Halted chunk system for world 'Wachines_the_end'
[00:15:45 INFO]: [ChunkHolderManager] Saving all chunkholders for world 'Wachines_the_end'
[00:15:45 INFO]: [ChunkHolderManager] Saved 49 block chunks, 49 entity chunks, 0 poi chunks in world 'Wachines_the_end' in 0.07s
[00:15:45 INFO]: ThreadedAnvilChunkStorage (Wachines): All chunks are saved
[00:15:45 INFO]: ThreadedAnvilChunkStorage (DIM-1): All chunks are saved
[00:15:45 INFO]: ThreadedAnvilChunkStorage (DIM1): All chunks are saved
[00:15:45 INFO]: ThreadedAnvilChunkStorage: All dimensions are saved
Starting org.bukkit.craftbukkit.Main
*** Warning, you've not updated in a while! ***
*** Please download a new build as per instructions from https://papermc.io/downloads/paper ***
WARN StatusConsoleListener Advanced terminal features are not available in this environment
[01:38:17 INFO]: [bootstrap] Running Java 21 (OpenJDK 64-Bit Server VM 21.0.5+11-Ubuntu-1ubuntu124.04; Ubuntu null) on Linux 6.8.0-1018-aws (amd64)
[01:38:17 INFO]: [bootstrap] Loading Paper 1.21.1-81-master@13a2395 (2024-09-15T20:39:09Z) for Minecraft 1.21.1
[01:38:17 INFO]: [PluginInitializerManager] Initializing plugins...
[01:38:19 INFO]: [PluginInitializerManager] Initialized 6 plugins
[01:38:19 INFO]: [PluginInitializerManager] Paper plugins (1):
 - AdvancedServerList (5.1.2)
[01:38:19 INFO]: [PluginInitializerManager] Bukkit plugins (5):
 - Chunky (1.4.28), ClearLag (3.2.2), Essentials (2.21.0-dev+151-f2af952), LuckPerms (5.4.150), VeinMiner (2.2.6)
[01:38:25 INFO]: Environment: Environment[sessionHost=https://sessionserver.mojang.com, servicesHost=https://api.minecraftservices.com, name=PROD]
[01:38:27 INFO]: Loaded 1290 recipes
[01:38:28 INFO]: Loaded 1399 advancements
[01:38:28 INFO]: Starting minecraft server version 1.21.1
[01:38:28 INFO]: Loading properties
[01:38:28 INFO]: This server is running Paper version 1.21.1-81-master@13a2395 (2024-09-15T20:39:09Z) (Implementing API version 1.21.1-R0.1-SNAPSHOT)
[01:38:29 INFO]: [spark] This server bundles the spark profiler. For more information please visit https://docs.papermc.io/paper/profiling
[01:38:29 INFO]: Server Ping Player Sample Count: 12
[01:38:29 INFO]: Using 4 threads for Netty based IO
[01:38:31 INFO]: [ChunkTaskScheduler] Chunk system is using 1 I/O threads, 1 worker threads, and population gen parallelism of 1 threads
[01:38:31 INFO]: Default game type: SURVIVAL
[01:38:31 INFO]: Generating keypair
[01:38:31 INFO]: Starting Minecraft server on *:25565
[01:38:31 INFO]: Using epoll channel type
[01:38:31 INFO]: Paper: Using libdeflate (Linux x86_64) compression from Velocity.
[01:38:31 INFO]: Paper: Using OpenSSL 3.x.x (Linux x86_64) cipher from Velocity.
[01:38:32 INFO]: [LuckPerms] Loading server plugin LuckPerms v5.4.150
[01:38:32 INFO]: [Chunky] Loading server plugin Chunky v1.4.28
[01:38:32 INFO]: [VeinMiner] Loading server plugin VeinMiner v2.2.6
[01:38:33 INFO]: [Essentials] Loading server plugin Essentials v2.21.0-dev+151-f2af952
[01:38:33 INFO]: [ClearLag] Loading server plugin ClearLag v3.2.2
[01:38:33 INFO]: [AdvancedServerList] Loading server plugin AdvancedServerList v5.1.2
[01:38:33 INFO]: Server permissions file permissions.yml is empty, ignoring it
[01:38:33 INFO]: [LuckPerms] Enabling LuckPerms v5.4.150
[01:38:33 INFO]: [38;5;14m       [38;5;6m __    [0m
[01:38:33 INFO]: [38;5;14m  |    [38;5;6m|__)   [38;5;2mLuckPerms[0m [38;5;14mv5.4.150[0m
[01:38:33 INFO]: [38;5;14m  |___ [38;5;6m|      [38;5;8mRunning on Bukkit - Paper[0m
[01:38:33 INFO]: 
[01:38:33 INFO]: [LuckPerms] Loading configuration...
[01:38:33 INFO]: [LuckPerms] Loading storage provider... [H2]
[01:38:34 INFO]: [LuckPerms] Loading internal permission managers...
[01:38:34 INFO]: [LuckPerms] Performing initial data load...
[01:38:34 INFO]: [LuckPerms] Successfully enabled. (took 1767ms)
[01:38:34 INFO]: Preparing level "Wachines"
[01:38:36 INFO]: Preparing start region for dimension minecraft:overworld
[01:38:38 INFO]: Time elapsed: 2014 ms
[01:38:38 INFO]: Preparing start region for dimension minecraft:the_nether
[01:38:38 INFO]: Time elapsed: 463 ms
[01:38:38 INFO]: Preparing start region for dimension minecraft:the_end
[01:38:38 INFO]: Time elapsed: 220 ms
[01:38:38 INFO]: [Chunky] Enabling Chunky v1.4.28
[01:38:39 INFO]: [VeinMiner] Enabling VeinMiner v2.2.6
[01:38:39 INFO]: [VeinMiner] Loading configuration options to local memory
[01:38:39 INFO]: [VeinMiner] Using SQLITE for persistent storage.
[01:38:39 INFO]: [VeinMiner] Added 13 aliases.
[01:38:40 INFO]: [VeinMiner] Registered category with id "Axe" holding 6 unique items and 26 unique blocks.
[01:38:40 INFO]: [VeinMiner] Registered category with id "Hoe" holding 6 unique items and 10 unique blocks.
[01:38:40 INFO]: [VeinMiner] Registered category with id "Pickaxe" holding 6 unique items and 23 unique blocks.
[01:38:40 INFO]: [VeinMiner] Registered category with id "Shears" holding 1 unique items and 27 unique blocks.
[01:38:40 INFO]: [VeinMiner] Registered category with id "Shovel" holding 6 unique items and 10 unique blocks.
[01:38:40 WARN]: [VeinMiner] No block list configured for category with id "Hand"! Is this intentional?
[01:38:40 INFO]: [VeinMiner] Registered category with id "Hand" holding 0 unique items and 0 unique blocks.
[01:38:40 INFO]: [VeinMiner] Performing an update check!
[01:38:40 INFO]: [VeinMiner] Registering commands
[01:38:40 INFO]: [VeinMiner] Registering events
[01:38:40 INFO]: [VeinMiner] Vault not found. Economy support suspended
[01:38:40 INFO]: [VeinMiner] Enabling Plugin Metrics
[01:38:40 INFO]: [VeinMiner] Thanks for enabling Metrics! The anonymous stats are appreciated
[01:38:40 INFO]: [VeinMiner] You are on the latest version of VeinMiner!
[01:38:40 INFO]: [Essentials] Enabling Essentials v2.21.0-dev+151-f2af952
[01:38:42 ERROR]: [Essentials] You are running an unsupported server version!
[01:38:43 INFO]: [Essentials] Attempting to convert old kits in config.yml to new kits.yml
[01:38:43 INFO]: [Essentials] No kits found to migrate.
[01:38:44 INFO]: [Essentials] Loaded 43465 items from items.json.
[01:38:44 INFO]: [Essentials] Using locale es
[01:38:44 INFO]: [Essentials] ServerListPingEvent: Spigot iterator API
[01:38:45 INFO]: [Essentials] Starting Metrics. Opt-out using the global bStats config.
[01:38:45 WARN]: [Essentials] Detected supported permissions plugin LuckPerms without Vault installed.
[01:38:45 WARN]: [Essentials] Features such as chat prefixes/suffixes and group-related functionality will not work until you install Vault.
[01:38:45 INFO]: [Essentials] Using superperms-based permissions.
[01:38:45 INFO]: [ClearLag] Enabling ClearLag v3.2.2
[01:38:45 INFO]: [ClearLag] Using version-adapter: LatestVersionAdapter
[01:38:45 INFO]: [ClearLag] Loading modules...
[01:38:45 WARN]: [ClearLag] Clearlag failed to use the internal TPS tracker during initialization. Reverted to estimation... (Index 3 out of bounds for length 3)
[01:38:45 INFO]: [ClearLag] Modules enabed, loading config values
[01:38:45 INFO]: [ClearLag] Modules have been loaded!
[01:38:45 INFO]: [ClearLag] Clearlag is now enabled!
[01:38:45 WARN]: [ClearLag] Clearlag failed to check for updates - bukkit may be down
[01:38:45 WARN]: java.lang.ArrayIndexOutOfBoundsException: Index 3 out of bounds for length 3
[01:38:45 WARN]: 	at Clearlag.jar//me.minebuilders.clearlag.Util.getBukkitVersion(Util.java:105)
[01:38:45 WARN]: 	at Clearlag.jar//me.minebuilders.clearlag.BukkitUpdater.updateAvailable(BukkitUpdater.java:32)
[01:38:45 WARN]: 	at Clearlag.jar//me.minebuilders.clearlag.BukkitUpdater.run(BukkitUpdater.java:82)
[01:38:45 WARN]: 	at java.base/java.lang.Thread.run(Thread.java:1583)
[01:38:45 INFO]: [AdvancedServerList] Enabling AdvancedServerList v5.1.2
[01:38:46 INFO]: [AdvancedServerList] Registering internal Placeholders...
[01:38:46 INFO]: [AdvancedServerList] Registering player Placeholders...
[01:38:46 INFO]: [AdvancedServerList] Registering server Placeholders...
[01:38:46 INFO]: [AdvancedServerList] Completed internal Placeholder registration!
[01:38:46 INFO]: [AdvancedServerList]            _____ _
[01:38:46 INFO]: [AdvancedServerList]     /\    / ____| |
[01:38:46 INFO]: [AdvancedServerList]    /  \  | (___ | |
[01:38:46 INFO]: [AdvancedServerList]   / /\ \  \___ \| |
[01:38:46 INFO]: [AdvancedServerList]  / ____ \ ____) | |____
[01:38:46 INFO]: [AdvancedServerList] /_/    \_\_____/|______|
[01:38:46 INFO]: [AdvancedServerList] 
[01:38:46 INFO]: [AdvancedServerList] Starting AdvancedServerList v5.1.2...
[01:38:46 INFO]: [AdvancedServerList] Platform: Paper (ID: papermc:paper, Version: 1.21.1, Build: 81)
[01:38:46 INFO]: [AdvancedServerList] Loading config.yml...
[01:38:46 INFO]: [AdvancedServerList] Successfully loaded config.yml!
[01:38:46 INFO]: [AdvancedServerList] Loading profiles...
[01:38:46 INFO]: [AdvancedServerList] Loaded 'default.yml'!
[01:38:46 INFO]: [AdvancedServerList] Successfully loaded 1 profile(s)!
[01:38:46 INFO]: [AdvancedServerList] Loading local image files as Favicons...
[01:38:46 INFO]: [AdvancedServerList] Loaded file 'wachines.png' as Favicon.
[01:38:46 INFO]: [AdvancedServerList] Loading Commands...
[01:38:46 INFO]: [AdvancedServerList] Registered /advancedserverlist:advancedserverlist
[01:38:46 INFO]: [AdvancedServerList] Commands loaded!
[01:38:46 INFO]: [AdvancedServerList] Loading events...
[01:38:46 INFO]: [AdvancedServerList] Events loaded!
[01:38:46 INFO]: [AdvancedServerList] Loading playercache.json...
[01:38:46 INFO]: [AdvancedServerList] Loaded 4 players into cache!
[01:38:46 INFO]: [AdvancedServerList] Loading bStats metrics. Disable it in the global config under /plugins/bstats/
[01:38:46 INFO]: [AdvancedServerList] Metrics loaded!
[01:38:46 INFO]: [AdvancedServerList] Enabling Schedulers...
[01:38:46 INFO]: [AdvancedServerList] Schedulers enabled.
[01:38:46 INFO]: [AdvancedServerList] AdvancedServerList is ready!
[01:38:46 INFO]: [AdvancedServerList] Looking for an update...
[01:38:46 INFO]: [AdvancedServerList] You are running the latest version!
[01:38:46 INFO]: [spark] Starting background profiler...
[01:38:47 INFO]: Done preparing level "Wachines" (12.200s)
[01:38:47 INFO]: Running delayed init tasks
[01:38:47 INFO]: [Essentials] [38;5;3mObteniendo información de versión...[0m
[01:38:47 INFO]: Done (30.980s)! For help, type "help"
[01:38:47 INFO]: Timings Reset
[01:38:52 INFO]: UUID of player Luwuuu is 4d3e2446-b84d-4e95-922a-4a00f555076b
[01:38:54 INFO]: Luwuuu[/190.17.24.173:52319] logged in with entity id 41 at ([Wachines]-158.79180331684663, 66.0, 72.23029659843039)
[01:38:54 INFO]: [38;5;3mLuwuuu [0m entro
[01:40:34 INFO]: Luwuuu has made the advancement [38;5;10m[Monster Hunter][0m
[01:43:25 INFO]: UUID of player Luwuuu is 4d3e2446-b84d-4e95-922a-4a00f555076b
[01:43:25 INFO]: Luwuuu lost connection: You logged in from another location
[01:43:25 INFO]: [38;5;3mLuwuuu [0m salio
[01:43:27 INFO]: Luwuuu[/190.17.24.173:52346] logged in with entity id 709 at ([Wachines]-6.699999988079071, 65.0, 249.69999998807907)
[01:43:27 INFO]: [38;5;3mLuwuuu [0m entro
[01:45:48 INFO]: Luwuuu has made the advancement [38;5;10m[Stone Age][0m
[01:55:19 INFO]: Luwuuu has made the advancement [38;5;10m[Sweet Dreams][0m
[01:58:21 INFO]: Luwuuu has made the advancement [38;5;10m[Ice Bucket Challenge][0m
[02:28:05 INFO]: Luwuuu issued server command: /stop
[02:28:05 INFO]: [3m[38;5;7m[Luwuuu: Stopping the server][0m
[02:28:05 INFO]: Stopping server
[02:28:05 INFO]: [AdvancedServerList] Disabling AdvancedServerList v5.1.2
[02:28:05 INFO]: [AdvancedServerList] Saving playercache.json file...
[02:28:05 INFO]: [AdvancedServerList] Successfully saved playercache.json file.
[02:28:05 INFO]: [AdvancedServerList] Disabling Update Checker...
[02:28:05 INFO]: [AdvancedServerList] AdvancedServerList disabled!
[02:28:05 INFO]: [ClearLag] Disabling ClearLag v3.2.2
[02:28:05 INFO]: [ClearLag] Clearlag is now disabled!
[02:28:05 INFO]: [Essentials] Disabling Essentials v2.21.0-dev+151-f2af952
[02:28:05 INFO]: [VeinMiner] Disabling VeinMiner v2.2.6
[02:28:05 INFO]: [VeinMiner] Clearing localized data
[02:28:05 INFO]: [Chunky] Disabling Chunky v1.4.28
[02:28:05 INFO]: [LuckPerms] Disabling LuckPerms v5.4.150
[02:28:05 INFO]: [LuckPerms] Starting shutdown process...
[02:28:05 INFO]: [LuckPerms] Closing storage...
[02:28:05 INFO]: [LuckPerms] Goodbye!
[02:28:05 INFO]: Saving players
[02:28:05 INFO]: Luwuuu lost connection: Server closed
[02:28:05 INFO]: [38;5;11mLuwuuu left the game[0m
[02:28:05 INFO]: Saving worlds
[02:28:05 INFO]: Saving chunks for level 'ServerLevel[Wachines]'/minecraft:overworld
[02:28:05 INFO]: [ChunkHolderManager] Waiting 60s for chunk system to halt for world 'Wachines'
[02:28:05 INFO]: [ChunkHolderManager] Halted chunk system for world 'Wachines'
[02:28:05 INFO]: [ChunkHolderManager] Saving all chunkholders for world 'Wachines'
[02:28:06 INFO]: [ChunkHolderManager] Saved 1003 block chunks, 261 entity chunks, 5 poi chunks in world 'Wachines' in 0.93s
[02:28:06 INFO]: Saving chunks for level 'ServerLevel[Wachines_nether]'/minecraft:the_nether
[02:28:06 INFO]: [ChunkHolderManager] Waiting 60s for chunk system to halt for world 'Wachines_nether'
[02:28:06 INFO]: [ChunkHolderManager] Halted chunk system for world 'Wachines_nether'
[02:28:06 INFO]: [ChunkHolderManager] Saving all chunkholders for world 'Wachines_nether'
[02:28:06 INFO]: [ChunkHolderManager] Saved 0 block chunks, 1 entity chunks, 0 poi chunks in world 'Wachines_nether' in 0.00s
[02:28:06 INFO]: Saving chunks for level 'ServerLevel[Wachines_the_end]'/minecraft:the_end
[02:28:06 INFO]: [ChunkHolderManager] Waiting 60s for chunk system to halt for world 'Wachines_the_end'
[02:28:06 INFO]: [ChunkHolderManager] Halted chunk system for world 'Wachines_the_end'
[02:28:06 INFO]: [ChunkHolderManager] Saving all chunkholders for world 'Wachines_the_end'
[02:28:06 INFO]: [ChunkHolderManager] Saved 0 block chunks, 10 entity chunks, 0 poi chunks in world 'Wachines_the_end' in 0.01s
[02:28:06 INFO]: ThreadedAnvilChunkStorage (Wachines): All chunks are saved
[02:28:06 INFO]: ThreadedAnvilChunkStorage (DIM-1): All chunks are saved
[02:28:06 INFO]: ThreadedAnvilChunkStorage (DIM1): All chunks are saved
[02:28:06 INFO]: ThreadedAnvilChunkStorage: All dimensions are saved
Starting org.bukkit.craftbukkit.Main
*** Warning, you've not updated in a while! ***
*** Please download a new build as per instructions from https://papermc.io/downloads/paper ***
WARN StatusConsoleListener Advanced terminal features are not available in this environment
[15:31:30 INFO]: [bootstrap] Running Java 21 (OpenJDK 64-Bit Server VM 21.0.5+11-Ubuntu-1ubuntu124.04; Ubuntu null) on Linux 6.8.0-1018-aws (amd64)
[15:31:30 INFO]: [bootstrap] Loading Paper 1.21.1-81-master@13a2395 (2024-09-15T20:39:09Z) for Minecraft 1.21.1
[15:31:31 INFO]: [PluginInitializerManager] Initializing plugins...
[15:31:32 INFO]: [PluginInitializerManager] Initialized 6 plugins
[15:31:32 INFO]: [PluginInitializerManager] Paper plugins (1):
 - AdvancedServerList (5.1.2)
[15:31:32 INFO]: [PluginInitializerManager] Bukkit plugins (5):
 - Chunky (1.4.28), ClearLag (3.2.2), Essentials (2.21.0-dev+151-f2af952), LuckPerms (5.4.150), VeinMiner (2.2.6)
[15:31:39 INFO]: Environment: Environment[sessionHost=https://sessionserver.mojang.com, servicesHost=https://api.minecraftservices.com, name=PROD]
[15:31:42 INFO]: Loaded 1290 recipes
[15:31:42 INFO]: Loaded 1399 advancements
[15:31:42 INFO]: Starting minecraft server version 1.21.1
[15:31:42 INFO]: Loading properties
[15:31:42 INFO]: This server is running Paper version 1.21.1-81-master@13a2395 (2024-09-15T20:39:09Z) (Implementing API version 1.21.1-R0.1-SNAPSHOT)
[15:31:43 INFO]: [spark] This server bundles the spark profiler. For more information please visit https://docs.papermc.io/paper/profiling
[15:31:43 INFO]: Server Ping Player Sample Count: 12
[15:31:43 INFO]: Using 4 threads for Netty based IO
[15:31:45 INFO]: [ChunkTaskScheduler] Chunk system is using 1 I/O threads, 1 worker threads, and population gen parallelism of 1 threads
[15:31:45 INFO]: Default game type: SURVIVAL
[15:31:45 INFO]: Generating keypair
[15:31:45 INFO]: Starting Minecraft server on *:25565
[15:31:45 INFO]: Using epoll channel type
[15:31:45 INFO]: Paper: Using libdeflate (Linux x86_64) compression from Velocity.
[15:31:45 INFO]: Paper: Using OpenSSL 3.x.x (Linux x86_64) cipher from Velocity.
[15:31:46 INFO]: [LuckPerms] Loading server plugin LuckPerms v5.4.150
[15:31:46 INFO]: [Chunky] Loading server plugin Chunky v1.4.28
[15:31:46 INFO]: [VeinMiner] Loading server plugin VeinMiner v2.2.6
[15:31:46 INFO]: [Essentials] Loading server plugin Essentials v2.21.0-dev+151-f2af952
[15:31:46 INFO]: [ClearLag] Loading server plugin ClearLag v3.2.2
[15:31:46 INFO]: [AdvancedServerList] Loading server plugin AdvancedServerList v5.1.2
[15:31:46 INFO]: Server permissions file permissions.yml is empty, ignoring it
[15:31:46 INFO]: [LuckPerms] Enabling LuckPerms v5.4.150
[15:31:47 INFO]: [96m       [36m __    [0m
[15:31:47 INFO]: [96m  |    [36m|__)   [32mLuckPerms[0m [96mv5.4.150[0m
[15:31:47 INFO]: [96m  |___ [36m|      [90mRunning on Bukkit - Paper[0m
[15:31:47 INFO]: 
[15:31:47 INFO]: [LuckPerms] Loading configuration...
[15:31:47 INFO]: [LuckPerms] Loading storage provider... [H2]
[15:31:48 INFO]: [LuckPerms] Loading internal permission managers...
[15:31:48 INFO]: [LuckPerms] Performing initial data load...
[15:31:49 INFO]: [LuckPerms] Successfully enabled. (took 2053ms)
[15:31:49 INFO]: Preparing level "Wachines"
[15:31:50 INFO]: Preparing start region for dimension minecraft:overworld
[15:31:52 INFO]: Time elapsed: 2310 ms
[15:31:52 INFO]: Preparing start region for dimension minecraft:the_nether
[15:31:53 INFO]: Time elapsed: 459 ms
[15:31:53 INFO]: Preparing start region for dimension minecraft:the_end
[15:31:53 INFO]: Time elapsed: 225 ms
[15:31:53 INFO]: [Chunky] Enabling Chunky v1.4.28
[15:31:53 INFO]: [VeinMiner] Enabling VeinMiner v2.2.6
[15:31:53 INFO]: [VeinMiner] Loading configuration options to local memory
[15:31:54 INFO]: [VeinMiner] Using SQLITE for persistent storage.
[15:31:54 INFO]: [VeinMiner] Added 13 aliases.
[15:31:54 INFO]: [VeinMiner] Registered category with id "Axe" holding 6 unique items and 26 unique blocks.
[15:31:54 INFO]: [VeinMiner] Registered category with id "Hoe" holding 6 unique items and 10 unique blocks.
[15:31:54 INFO]: [VeinMiner] Registered category with id "Pickaxe" holding 6 unique items and 23 unique blocks.
[15:31:54 INFO]: [VeinMiner] Registered category with id "Shears" holding 1 unique items and 27 unique blocks.
[15:31:54 INFO]: [VeinMiner] Registered category with id "Shovel" holding 6 unique items and 10 unique blocks.
[15:31:54 WARN]: [VeinMiner] No block list configured for category with id "Hand"! Is this intentional?
[15:31:54 INFO]: [VeinMiner] Registered category with id "Hand" holding 0 unique items and 0 unique blocks.
[15:31:54 INFO]: [VeinMiner] Performing an update check!
[15:31:54 INFO]: [VeinMiner] Registering commands
[15:31:54 INFO]: [VeinMiner] Registering events
[15:31:54 INFO]: [VeinMiner] Vault not found. Economy support suspended
[15:31:54 INFO]: [VeinMiner] Enabling Plugin Metrics
[15:31:54 INFO]: [VeinMiner] Thanks for enabling Metrics! The anonymous stats are appreciated
[15:31:54 INFO]: [VeinMiner] You are on the latest version of VeinMiner!
[15:31:54 INFO]: [Essentials] Enabling Essentials v2.21.0-dev+151-f2af952
[15:31:57 ERROR]: [Essentials] You are running an unsupported server version!
[15:31:58 INFO]: [Essentials] Attempting to convert old kits in config.yml to new kits.yml
[15:31:58 INFO]: [Essentials] No kits found to migrate.
[15:31:58 INFO]: [Essentials] Loaded 43465 items from items.json.
[15:31:59 INFO]: [Essentials] Using locale es
[15:31:59 INFO]: [Essentials] ServerListPingEvent: Spigot iterator API
[15:32:00 INFO]: [Essentials] Starting Metrics. Opt-out using the global bStats config.
[15:32:00 WARN]: [Essentials] Detected supported permissions plugin LuckPerms without Vault installed.
[15:32:00 WARN]: [Essentials] Features such as chat prefixes/suffixes and group-related functionality will not work until you install Vault.
[15:32:00 INFO]: [Essentials] Using superperms-based permissions.
[15:32:00 INFO]: [ClearLag] Enabling ClearLag v3.2.2
[15:32:00 INFO]: [ClearLag] Using version-adapter: LatestVersionAdapter
[15:32:00 INFO]: [ClearLag] Loading modules...
[15:32:00 WARN]: [ClearLag] Clearlag failed to use the internal TPS tracker during initialization. Reverted to estimation... (Index 3 out of bounds for length 3)
[15:32:00 INFO]: [ClearLag] Modules enabed, loading config values
[15:32:00 INFO]: [ClearLag] Modules have been loaded!
[15:32:00 INFO]: [ClearLag] Clearlag is now enabled!
[15:32:00 WARN]: [ClearLag] Clearlag failed to check for updates - bukkit may be down
[15:32:00 WARN]: java.lang.ArrayIndexOutOfBoundsException: Index 3 out of bounds for length 3
[15:32:00 WARN]: 	at Clearlag.jar//me.minebuilders.clearlag.Util.getBukkitVersion(Util.java:105)
[15:32:00 WARN]: 	at Clearlag.jar//me.minebuilders.clearlag.BukkitUpdater.updateAvailable(BukkitUpdater.java:32)
[15:32:00 WARN]: 	at Clearlag.jar//me.minebuilders.clearlag.BukkitUpdater.run(BukkitUpdater.java:82)
[15:32:00 WARN]: 	at java.base/java.lang.Thread.run(Thread.java:1583)
[15:32:00 INFO]: [AdvancedServerList] Enabling AdvancedServerList v5.1.2
[15:32:01 INFO]: [AdvancedServerList] Registering internal Placeholders...
[15:32:01 INFO]: [AdvancedServerList] Registering player Placeholders...
[15:32:01 INFO]: [AdvancedServerList] Registering server Placeholders...
[15:32:01 INFO]: [AdvancedServerList] Completed internal Placeholder registration!
[15:32:01 INFO]: [AdvancedServerList]            _____ _
[15:32:01 INFO]: [AdvancedServerList]     /\    / ____| |
[15:32:01 INFO]: [AdvancedServerList]    /  \  | (___ | |
[15:32:01 INFO]: [AdvancedServerList]   / /\ \  \___ \| |
[15:32:01 INFO]: [AdvancedServerList]  / ____ \ ____) | |____
[15:32:01 INFO]: [AdvancedServerList] /_/    \_\_____/|______|
[15:32:01 INFO]: [AdvancedServerList] 
[15:32:01 INFO]: [AdvancedServerList] Starting AdvancedServerList v5.1.2...
[15:32:01 INFO]: [AdvancedServerList] Platform: Paper (ID: papermc:paper, Version: 1.21.1, Build: 81)
[15:32:01 INFO]: [AdvancedServerList] Loading config.yml...
[15:32:01 INFO]: [AdvancedServerList] Successfully loaded config.yml!
[15:32:01 INFO]: [AdvancedServerList] Loading profiles...
[15:32:01 INFO]: [AdvancedServerList] Loaded 'default.yml'!
[15:32:01 INFO]: [AdvancedServerList] Successfully loaded 1 profile(s)!
[15:32:01 INFO]: [AdvancedServerList] Loading local image files as Favicons...
[15:32:01 INFO]: [AdvancedServerList] Loaded file 'wachines.png' as Favicon.
[15:32:01 INFO]: [AdvancedServerList] Loading Commands...
[15:32:01 INFO]: [AdvancedServerList] Registered /advancedserverlist:advancedserverlist
[15:32:01 INFO]: [AdvancedServerList] Commands loaded!
[15:32:01 INFO]: [AdvancedServerList] Loading events...
[15:32:01 INFO]: [AdvancedServerList] Events loaded!
[15:32:01 INFO]: [AdvancedServerList] Loading playercache.json...
[15:32:01 INFO]: [AdvancedServerList] Loaded 4 players into cache!
[15:32:01 INFO]: [AdvancedServerList] Loading bStats metrics. Disable it in the global config under /plugins/bstats/
[15:32:01 INFO]: [AdvancedServerList] Metrics loaded!
[15:32:01 INFO]: [AdvancedServerList] Enabling Schedulers...
[15:32:01 INFO]: [AdvancedServerList] Schedulers enabled.
[15:32:01 INFO]: [AdvancedServerList] AdvancedServerList is ready!
[15:32:01 INFO]: [AdvancedServerList] Looking for an update...
[15:32:01 INFO]: [spark] Starting background profiler...
[15:32:01 INFO]: [AdvancedServerList] You are running the latest version!
[15:32:02 INFO]: Done preparing level "Wachines" (13.055s)
[15:32:02 INFO]: Running delayed init tasks
[15:32:02 INFO]: [Essentials] [33mObteniendo información de versión...[0m
[15:32:02 INFO]: Done (33.039s)! For help, type "help"
[15:32:02 INFO]: Timings Reset
[15:32:14 INFO]: UUID of player Pachun is 8f7db103-bf0b-4dbc-8891-1811908cc6bf
[15:32:16 INFO]: Pachun[/186.22.81.88:59595] logged in with entity id 17 at ([Wachines]-156.65725004882643, 66.0, 67.83130831737962)
[15:32:16 INFO]: [33mPachun [0m entro
[15:32:37 INFO]: Pachun issued server command: /stop
[15:32:37 INFO]: [3m[37m[Pachun: Stopping the server][0m
[15:32:37 INFO]: Stopping server
[15:32:37 INFO]: [AdvancedServerList] Disabling AdvancedServerList v5.1.2
[15:32:37 INFO]: [AdvancedServerList] Saving playercache.json file...
[15:32:37 INFO]: [AdvancedServerList] Successfully saved playercache.json file.
[15:32:37 INFO]: [AdvancedServerList] Disabling Update Checker...
[15:32:37 INFO]: [AdvancedServerList] AdvancedServerList disabled!
[15:32:37 INFO]: [ClearLag] Disabling ClearLag v3.2.2
[15:32:37 INFO]: [ClearLag] Clearlag is now disabled!
[15:32:37 INFO]: [Essentials] Disabling Essentials v2.21.0-dev+151-f2af952
[15:32:37 INFO]: [VeinMiner] Disabling VeinMiner v2.2.6
[15:32:37 INFO]: [VeinMiner] Clearing localized data
[15:32:37 INFO]: [Chunky] Disabling Chunky v1.4.28
[15:32:37 INFO]: [LuckPerms] Disabling LuckPerms v5.4.150
[15:32:37 INFO]: [LuckPerms] Starting shutdown process...
[15:32:37 INFO]: [LuckPerms] Closing storage...
[15:32:37 INFO]: [LuckPerms] Goodbye!
[15:32:37 INFO]: Saving players
[15:32:37 INFO]: Pachun lost connection: Server closed
[15:32:37 INFO]: [93mPachun left the game[0m
[15:32:37 INFO]: Saving worlds
[15:32:37 INFO]: Saving chunks for level 'ServerLevel[Wachines]'/minecraft:overworld
[15:32:37 INFO]: [ChunkHolderManager] Waiting 60s for chunk system to halt for world 'Wachines'
[15:32:37 INFO]: [ChunkHolderManager] Halted chunk system for world 'Wachines'
[15:32:37 INFO]: [ChunkHolderManager] Saving all chunkholders for world 'Wachines'
[15:32:39 INFO]: [ChunkHolderManager] Saved 256 block chunks, 256 entity chunks, 0 poi chunks in world 'Wachines' in 1.29s
[15:32:39 INFO]: Saving chunks for level 'ServerLevel[Wachines_nether]'/minecraft:the_nether
[15:32:39 INFO]: [ChunkHolderManager] Waiting 60s for chunk system to halt for world 'Wachines_nether'
[15:32:39 INFO]: [ChunkHolderManager] Halted chunk system for world 'Wachines_nether'
[15:32:39 INFO]: [ChunkHolderManager] Saving all chunkholders for world 'Wachines_nether'
[15:32:39 INFO]: [ChunkHolderManager] Saved 49 block chunks, 49 entity chunks, 0 poi chunks in world 'Wachines_nether' in 0.12s
[15:32:39 INFO]: Saving chunks for level 'ServerLevel[Wachines_the_end]'/minecraft:the_end
[15:32:39 INFO]: [ChunkHolderManager] Waiting 60s for chunk system to halt for world 'Wachines_the_end'
[15:32:39 INFO]: [ChunkHolderManager] Halted chunk system for world 'Wachines_the_end'
[15:32:39 INFO]: [ChunkHolderManager] Saving all chunkholders for world 'Wachines_the_end'
[15:32:39 INFO]: [ChunkHolderManager] Saved 49 block chunks, 49 entity chunks, 0 poi chunks in world 'Wachines_the_end' in 0.07s
[15:32:39 INFO]: ThreadedAnvilChunkStorage (Wachines): All chunks are saved
[15:32:39 INFO]: ThreadedAnvilChunkStorage (DIM-1): All chunks are saved
[15:32:39 INFO]: ThreadedAnvilChunkStorage (DIM1): All chunks are saved
[15:32:39 INFO]: ThreadedAnvilChunkStorage: All dimensions are saved
