[17:32:28] [ServerMain/INFO]: [bootstrap] Running Java 21 (OpenJDK 64-Bit Server VM 21.0.5+11-Ubuntu-1ubuntu124.04; Ubuntu null) on Linux 6.8.0-1018-aws (amd64)
[17:32:28] [ServerMain/INFO]: [bootstrap] Loading Paper 1.21.1-81-master@13a2395 (2024-09-15T20:39:09Z) for Minecraft 1.21.1
[17:32:29] [ServerMain/INFO]: [PluginInitializerManager] Initializing plugins...
[17:32:30] [Paper Plugin Remapper Thread - 2/INFO]: [PluginRemapper] Remapping plugin 'plugins/CommandBlockerFull-2.1.2.jar'...
[17:32:33] [Paper Plugin Remapper Thread - 2/INFO]: [PluginRemapper] Done remapping plugin 'plugins/CommandBlockerFull-2.1.2.jar' in 3124ms.
[17:32:34] [ServerMain/INFO]: [PluginInitializerManager] Initialized 7 plugins
[17:32:34] [ServerMain/INFO]: [PluginInitializerManager] Paper plugins (1):
 - AdvancedServerList (5.1.2)
[17:32:34] [ServerMain/INFO]: [PluginInitializerManager] Bukkit plugins (6):
 - Chunky (1.4.28), ClearLag (3.2.2), CommandBlocker (2.1.2), Essentials (2.21.0-dev+151-f2af952), LuckPerms (5.4.150), VeinMiner (2.2.6)
[17:32:43] [ServerMain/INFO]: Environment: Environment[sessionHost=https://sessionserver.mojang.com, servicesHost=https://api.minecraftservices.com, name=PROD]
[17:32:46] [ServerMain/INFO]: Loaded 1290 recipes
[17:32:47] [ServerMain/INFO]: Loaded 1399 advancements
[17:32:47] [Server thread/INFO]: Starting minecraft server version 1.21.1
[17:32:47] [Server thread/INFO]: Loading properties
[17:32:47] [Server thread/INFO]: This server is running Paper version 1.21.1-81-master@13a2395 (2024-09-15T20:39:09Z) (Implementing API version 1.21.1-R0.1-SNAPSHOT)
[17:32:49] [Server thread/INFO]: [spark] This server bundles the spark profiler. For more information please visit https://docs.papermc.io/paper/profiling
[17:32:49] [Server thread/INFO]: Server Ping Player Sample Count: 12
[17:32:49] [Server thread/INFO]: Using 4 threads for Netty based IO
[17:32:50] [Server thread/INFO]: [ChunkTaskScheduler] Chunk system is using 1 I/O threads, 1 worker threads, and population gen parallelism of 1 threads
[17:32:51] [Server thread/INFO]: Default game type: SURVIVAL
[17:32:51] [Server thread/INFO]: Generating keypair
[17:32:51] [Server thread/INFO]: Starting Minecraft server on *:25565
[17:32:51] [Server thread/INFO]: Using epoll channel type
[17:32:51] [Server thread/INFO]: Paper: Using libdeflate (Linux x86_64) compression from Velocity.
[17:32:51] [Server thread/INFO]: Paper: Using OpenSSL 3.x.x (Linux x86_64) cipher from Velocity.
[17:32:52] [Server thread/INFO]: [LuckPerms] Loading server plugin LuckPerms v5.4.150
[17:32:52] [Server thread/INFO]: [Chunky] Loading server plugin Chunky v1.4.28
[17:32:52] [Server thread/INFO]: [Trey's Command Blocker] Loading server plugin CommandBlocker v2.1.2
[17:32:52] [Server thread/INFO]: [VeinMiner] Loading server plugin VeinMiner v2.2.6
[17:32:53] [Server thread/INFO]: [Essentials] Loading server plugin Essentials v2.21.0-dev+151-f2af952
[17:32:53] [Server thread/INFO]: [ClearLag] Loading server plugin ClearLag v3.2.2
[17:32:53] [Server thread/INFO]: [AdvancedServerList] Loading server plugin AdvancedServerList v5.1.2
[17:32:53] [Server thread/INFO]: Server permissions file permissions.yml is empty, ignoring it
[17:32:53] [Server thread/INFO]: [LuckPerms] Enabling LuckPerms v5.4.150
[17:32:53] [Server thread/INFO]:         __    
[17:32:53] [Server thread/INFO]:   |    |__)   LuckPerms v5.4.150
[17:32:53] [Server thread/INFO]:   |___ |      Running on Bukkit - Paper
[17:32:53] [Server thread/INFO]: 
[17:32:53] [Server thread/INFO]: [LuckPerms] Loading configuration...
[17:32:54] [Server thread/INFO]: [LuckPerms] Loading storage provider... [H2]
[17:32:54] [Server thread/INFO]: [LuckPerms] Loading internal permission managers...
[17:32:55] [Server thread/INFO]: [LuckPerms] Performing initial data load...
[17:32:55] [Server thread/INFO]: [LuckPerms] Successfully enabled. (took 2517ms)
[17:32:55] [Server thread/INFO]: Preparing level "Wachines"
[17:32:56] [Server thread/INFO]: Preparing start region for dimension minecraft:overworld
[17:32:59] [Server thread/INFO]: Time elapsed: 2861 ms
[17:32:59] [Server thread/INFO]: Preparing start region for dimension minecraft:the_nether
[17:33:00] [Server thread/INFO]: Time elapsed: 536 ms
[17:33:00] [Server thread/INFO]: Preparing start region for dimension minecraft:the_end
[17:33:00] [Server thread/INFO]: Time elapsed: 283 ms
[17:33:00] [Server thread/INFO]: [Chunky] Enabling Chunky v1.4.28
[17:33:00] [Server thread/INFO]: [Trey's Command Blocker] Enabling CommandBlocker v2.1.2
[17:33:00] [Server thread/ERROR]: Error occurred while enabling CommandBlocker v2.1.2 (Is it up to date?)
java.lang.ArrayIndexOutOfBoundsException: Index 3 out of bounds for length 3
	at CommandBlockerFull-2.1.2.jar/me.treyruffy.commandblocker.bukkit.BukkitMain.getBukkitVersion(BukkitMain.java:95) ~[CommandBlockerFull-2.1.2.jar:?]
	at CommandBlockerFull-2.1.2.jar/me.treyruffy.commandblocker.bukkit.BukkitMain.legacyVersion(BukkitMain.java:209) ~[CommandBlockerFull-2.1.2.jar:?]
	at CommandBlockerFull-2.1.2.jar/me.treyruffy.commandblocker.bukkit.BukkitMain.oldConfig(BukkitMain.java:180) ~[CommandBlockerFull-2.1.2.jar:?]
	at CommandBlockerFull-2.1.2.jar/me.treyruffy.commandblocker.bukkit.BukkitMain.needGson(BukkitMain.java:230) ~[CommandBlockerFull-2.1.2.jar:?]
	at CommandBlockerFull-2.1.2.jar/me.treyruffy.commandblocker.bukkit.BukkitMain.onEnable(BukkitMain.java:39) ~[CommandBlockerFull-2.1.2.jar:?]
	at org.bukkit.plugin.java.JavaPlugin.setEnabled(JavaPlugin.java:288) ~[paper-mojangapi-1.21.1-R0.1-SNAPSHOT.jar:?]
	at io.papermc.paper.plugin.manager.PaperPluginInstanceManager.enablePlugin(PaperPluginInstanceManager.java:202) ~[paper-1.21.1.jar:1.21.1-81-13a2395]
	at io.papermc.paper.plugin.manager.PaperPluginManagerImpl.enablePlugin(PaperPluginManagerImpl.java:109) ~[paper-1.21.1.jar:1.21.1-81-13a2395]
	at org.bukkit.plugin.SimplePluginManager.enablePlugin(SimplePluginManager.java:520) ~[paper-mojangapi-1.21.1-R0.1-SNAPSHOT.jar:?]
	at org.bukkit.craftbukkit.CraftServer.enablePlugin(CraftServer.java:640) ~[paper-1.21.1.jar:1.21.1-81-13a2395]
	at org.bukkit.craftbukkit.CraftServer.enablePlugins(CraftServer.java:589) ~[paper-1.21.1.jar:1.21.1-81-13a2395]
	at net.minecraft.server.MinecraftServer.loadWorld0(MinecraftServer.java:754) ~[paper-1.21.1.jar:1.21.1-81-13a2395]
	at net.minecraft.server.MinecraftServer.loadLevel(MinecraftServer.java:516) ~[paper-1.21.1.jar:1.21.1-81-13a2395]
	at net.minecraft.server.dedicated.DedicatedServer.initServer(DedicatedServer.java:329) ~[paper-1.21.1.jar:1.21.1-81-13a2395]
	at net.minecraft.server.MinecraftServer.runServer(MinecraftServer.java:1215) ~[paper-1.21.1.jar:1.21.1-81-13a2395]
	at net.minecraft.server.MinecraftServer.lambda$spin$0(MinecraftServer.java:330) ~[paper-1.21.1.jar:1.21.1-81-13a2395]
	at java.base/java.lang.Thread.run(Thread.java:1583) ~[?:?]
[17:33:00] [Server thread/INFO]: [Trey's Command Blocker] Disabling CommandBlocker v2.1.2
[17:33:00] [Server thread/INFO]: [VeinMiner] Enabling VeinMiner v2.2.6
[17:33:01] [Server thread/INFO]: [VeinMiner] Loading configuration options to local memory
[17:33:01] [Thread-10/INFO]: [VeinMiner] Using SQLITE for persistent storage.
[17:33:02] [Server thread/INFO]: [VeinMiner] Added 13 aliases.
[17:33:02] [Server thread/INFO]: [VeinMiner] Registered category with id "Axe" holding 6 unique items and 26 unique blocks.
[17:33:02] [Server thread/INFO]: [VeinMiner] Registered category with id "Hoe" holding 6 unique items and 10 unique blocks.
[17:33:02] [Server thread/INFO]: [VeinMiner] Registered category with id "Pickaxe" holding 6 unique items and 23 unique blocks.
[17:33:02] [Server thread/INFO]: [VeinMiner] Registered category with id "Shears" holding 1 unique items and 27 unique blocks.
[17:33:02] [Server thread/INFO]: [VeinMiner] Registered category with id "Shovel" holding 6 unique items and 10 unique blocks.
[17:33:02] [Server thread/WARN]: [VeinMiner] No block list configured for category with id "Hand"! Is this intentional?
[17:33:02] [Server thread/INFO]: [VeinMiner] Registered category with id "Hand" holding 0 unique items and 0 unique blocks.
[17:33:02] [Server thread/INFO]: [VeinMiner] Performing an update check!
[17:33:02] [Server thread/INFO]: [VeinMiner] Registering commands
[17:33:02] [Server thread/INFO]: [VeinMiner] Registering events
[17:33:02] [Server thread/INFO]: [VeinMiner] Vault not found. Economy support suspended
[17:33:02] [Server thread/INFO]: [VeinMiner] Enabling Plugin Metrics
[17:33:02] [Server thread/INFO]: [VeinMiner] Thanks for enabling Metrics! The anonymous stats are appreciated
[17:33:02] [Thread-11/INFO]: [VeinMiner] You are on the latest version of VeinMiner!
[17:33:03] [Server thread/INFO]: [Essentials] Enabling Essentials v2.21.0-dev+151-f2af952
[17:33:06] [Server thread/ERROR]: [Essentials] You are running an unsupported server version!
[17:33:06] [Server thread/INFO]: [Essentials] Attempting to convert old kits in config.yml to new kits.yml
[17:33:06] [Server thread/INFO]: [Essentials] No kits found to migrate.
[17:33:07] [Server thread/INFO]: [Essentials] Loaded 43465 items from items.json.
[17:33:07] [Server thread/INFO]: [Essentials] Using locale es
[17:33:08] [Server thread/INFO]: [Essentials] ServerListPingEvent: Spigot iterator API
[17:33:09] [Server thread/INFO]: [Essentials] Starting Metrics. Opt-out using the global bStats config.
[17:33:09] [Server thread/WARN]: [Essentials] Detected supported permissions plugin LuckPerms without Vault installed.
[17:33:09] [Server thread/WARN]: [Essentials] Features such as chat prefixes/suffixes and group-related functionality will not work until you install Vault.
[17:33:09] [Server thread/INFO]: [Essentials] Using superperms-based permissions.
[17:33:09] [Server thread/INFO]: [ClearLag] Enabling ClearLag v3.2.2
[17:33:09] [Server thread/INFO]: [ClearLag] Using version-adapter: LatestVersionAdapter
[17:33:10] [Server thread/INFO]: [ClearLag] Loading modules...
[17:33:10] [Server thread/WARN]: [ClearLag] Clearlag failed to use the internal TPS tracker during initialization. Reverted to estimation... (Index 3 out of bounds for length 3)
[17:33:10] [Server thread/INFO]: [ClearLag] Modules enabed, loading config values
[17:33:10] [Server thread/INFO]: [ClearLag] Modules have been loaded!
[17:33:10] [Thread-12/WARN]: [ClearLag] Clearlag failed to check for updates - bukkit may be down
[17:33:10] [Server thread/INFO]: [ClearLag] Clearlag is now enabled!
[17:33:10] [Thread-12/WARN]: java.lang.ArrayIndexOutOfBoundsException: Index 3 out of bounds for length 3
[17:33:10] [Thread-12/WARN]: 	at Clearlag.jar//me.minebuilders.clearlag.Util.getBukkitVersion(Util.java:105)
[17:33:10] [Thread-12/WARN]: 	at Clearlag.jar//me.minebuilders.clearlag.BukkitUpdater.updateAvailable(BukkitUpdater.java:32)
[17:33:10] [Thread-12/WARN]: 	at Clearlag.jar//me.minebuilders.clearlag.BukkitUpdater.run(BukkitUpdater.java:82)
[17:33:10] [Thread-12/WARN]: 	at java.base/java.lang.Thread.run(Thread.java:1583)
[17:33:10] [Server thread/INFO]: [AdvancedServerList] Enabling AdvancedServerList v5.1.2
[17:33:10] [Server thread/INFO]: [AdvancedServerList] Registering internal Placeholders...
[17:33:10] [Server thread/INFO]: [AdvancedServerList] Registering player Placeholders...
[17:33:10] [Server thread/INFO]: [AdvancedServerList] Registering server Placeholders...
[17:33:10] [Server thread/INFO]: [AdvancedServerList] Completed internal Placeholder registration!
[17:33:10] [Server thread/INFO]: [AdvancedServerList]            _____ _
[17:33:10] [Server thread/INFO]: [AdvancedServerList]     /\    / ____| |
[17:33:10] [Server thread/INFO]: [AdvancedServerList]    /  \  | (___ | |
[17:33:10] [Server thread/INFO]: [AdvancedServerList]   / /\ \  \___ \| |
[17:33:10] [Server thread/INFO]: [AdvancedServerList]  / ____ \ ____) | |____
[17:33:10] [Server thread/INFO]: [AdvancedServerList] /_/    \_\_____/|______|
[17:33:10] [Server thread/INFO]: [AdvancedServerList] 
[17:33:10] [Server thread/INFO]: [AdvancedServerList] Starting AdvancedServerList v5.1.2...
[17:33:10] [Server thread/INFO]: [AdvancedServerList] Platform: Paper (ID: papermc:paper, Version: 1.21.1, Build: 81)
[17:33:10] [Server thread/INFO]: [AdvancedServerList] Loading config.yml...
[17:33:10] [Server thread/INFO]: [AdvancedServerList] Successfully loaded config.yml!
[17:33:10] [Server thread/INFO]: [AdvancedServerList] Loading profiles...
[17:33:10] [Server thread/INFO]: [AdvancedServerList] Loaded 'default.yml'!
[17:33:10] [Server thread/INFO]: [AdvancedServerList] Successfully loaded 1 profile(s)!
[17:33:10] [Server thread/INFO]: [AdvancedServerList] Loading local image files as Favicons...
[17:33:10] [Server thread/INFO]: [AdvancedServerList] Loaded file 'wachines.png' as Favicon.
[17:33:10] [Server thread/INFO]: [AdvancedServerList] Loading Commands...
[17:33:10] [Server thread/INFO]: [AdvancedServerList] Registered /advancedserverlist:advancedserverlist
[17:33:10] [Server thread/INFO]: [AdvancedServerList] Commands loaded!
[17:33:10] [Server thread/INFO]: [AdvancedServerList] Loading events...
[17:33:10] [Server thread/INFO]: [AdvancedServerList] Events loaded!
[17:33:10] [Server thread/INFO]: [AdvancedServerList] Loading playercache.json...
[17:33:10] [Server thread/INFO]: [AdvancedServerList] Loaded 3 players into cache!
[17:33:10] [Server thread/INFO]: [AdvancedServerList] Loading bStats metrics. Disable it in the global config under /plugins/bstats/
[17:33:10] [Server thread/INFO]: [AdvancedServerList] Metrics loaded!
[17:33:10] [Server thread/INFO]: [AdvancedServerList] Enabling Schedulers...
[17:33:10] [Server thread/INFO]: [AdvancedServerList] Schedulers enabled.
[17:33:10] [Server thread/INFO]: [AdvancedServerList] AdvancedServerList is ready!
[17:33:10] [AdvancedServerList-UpdateThread/INFO]: [AdvancedServerList] Looking for an update...
[17:33:11] [Thread-13/INFO]: [AdvancedServerList] You are running the latest version!
[17:33:11] [Server thread/INFO]: [spark] Starting background profiler...
[17:33:11] [Server thread/INFO]: Done preparing level "Wachines" (16.019s)
[17:33:11] [Server thread/INFO]: Running delayed init tasks
[17:33:11] [Craft Scheduler Thread - 3 - Essentials/INFO]: [Essentials] Obteniendo información de versión...
[17:33:11] [Server thread/INFO]: Done (44.722s)! For help, type "help"
[17:33:11] [Server thread/INFO]: Timings Reset
[17:34:06] [User Authenticator #0/INFO]: UUID of player Pachun is 8f7db103-bf0b-4dbc-8891-1811908cc6bf
[17:34:09] [Server thread/INFO]: Pachun[/186.22.81.88:64673] logged in with entity id 22 at ([Wachines]-165.2521594332143, 68.0, 113.10957468733766)
[17:34:09] [Server thread/INFO]: Pachun  entro
[17:34:12] [Server thread/WARN]: Can't keep up! Is the server overloaded? Running 2507ms or 50 ticks behind
[17:34:36] [User Authenticator #0/INFO]: UUID of player Zotoo is fe252170-4768-4a6e-8748-9fc82c682299
[17:34:38] [Server thread/INFO]: Zotoo[/190.19.143.91:51823] logged in with entity id 117 at ([Wachines]-110.06146708862111, 70.0, 174.2450513888118)
[17:34:38] [Server thread/INFO]: Zotoo  entro
[17:36:19] [Server thread/INFO]: Pachun issued server command: /cb add restart
[17:36:19] [Server thread/ERROR]: Command exception: /cb add restart
org.bukkit.command.CommandException: Cannot execute command 'cb' in plugin CommandBlocker v2.1.2 - plugin is disabled.
	at org.bukkit.command.PluginCommand.execute(PluginCommand.java:37) ~[paper-mojangapi-1.21.1-R0.1-SNAPSHOT.jar:?]
	at io.papermc.paper.command.brigadier.bukkit.BukkitCommandNode$BukkitBrigCommand.run(BukkitCommandNode.java:91) ~[paper-1.21.1.jar:1.21.1-81-13a2395]
	at com.mojang.brigadier.context.ContextChain.runExecutable(ContextChain.java:73) ~[brigadier-1.3.10.jar:?]
	at net.minecraft.commands.execution.tasks.ExecuteCommand.execute(ExecuteCommand.java:31) ~[paper-1.21.1.jar:1.21.1-81-13a2395]
	at net.minecraft.commands.execution.tasks.ExecuteCommand.execute(ExecuteCommand.java:19) ~[paper-1.21.1.jar:1.21.1-81-13a2395]
	at net.minecraft.commands.execution.UnboundEntryAction.lambda$bind$0(UnboundEntryAction.java:8) ~[paper-1.21.1.jar:1.21.1-81-13a2395]
	at net.minecraft.commands.execution.CommandQueueEntry.execute(CommandQueueEntry.java:5) ~[paper-1.21.1.jar:1.21.1-81-13a2395]
	at net.minecraft.commands.execution.ExecutionContext.runCommandQueue(ExecutionContext.java:103) ~[paper-1.21.1.jar:1.21.1-81-13a2395]
	at net.minecraft.commands.Commands.executeCommandInContext(Commands.java:443) ~[paper-1.21.1.jar:1.21.1-81-13a2395]
	at net.minecraft.commands.Commands.performCommand(Commands.java:350) ~[paper-1.21.1.jar:1.21.1-81-13a2395]
	at net.minecraft.commands.Commands.performCommand(Commands.java:337) ~[paper-1.21.1.jar:1.21.1-81-13a2395]
	at net.minecraft.commands.Commands.performCommand(Commands.java:332) ~[paper-1.21.1.jar:1.21.1-81-13a2395]
	at net.minecraft.server.network.ServerGamePacketListenerImpl.performUnsignedChatCommand(ServerGamePacketListenerImpl.java:2218) ~[paper-1.21.1.jar:1.21.1-81-13a2395]
	at net.minecraft.server.network.ServerGamePacketListenerImpl.lambda$handleChatCommand$11(ServerGamePacketListenerImpl.java:2192) ~[paper-1.21.1.jar:1.21.1-81-13a2395]
	at net.minecraft.server.TickTask.run(TickTask.java:18) ~[paper-1.21.1.jar:1.21.1-81-13a2395]
	at net.minecraft.util.thread.BlockableEventLoop.doRunTask(BlockableEventLoop.java:151) ~[paper-1.21.1.jar:1.21.1-81-13a2395]
	at net.minecraft.util.thread.ReentrantBlockableEventLoop.doRunTask(ReentrantBlockableEventLoop.java:24) ~[paper-1.21.1.jar:1.21.1-81-13a2395]
	at net.minecraft.server.MinecraftServer.doRunTask(MinecraftServer.java:1537) ~[paper-1.21.1.jar:1.21.1-81-13a2395]
	at net.minecraft.server.MinecraftServer.doRunTask(MinecraftServer.java:201) ~[paper-1.21.1.jar:1.21.1-81-13a2395]
	at net.minecraft.util.thread.BlockableEventLoop.pollTask(BlockableEventLoop.java:125) ~[paper-1.21.1.jar:1.21.1-81-13a2395]
	at net.minecraft.server.MinecraftServer.pollTaskInternal(MinecraftServer.java:1514) ~[paper-1.21.1.jar:1.21.1-81-13a2395]
	at net.minecraft.server.MinecraftServer.pollTask(MinecraftServer.java:1507) ~[paper-1.21.1.jar:1.21.1-81-13a2395]
	at net.minecraft.util.thread.BlockableEventLoop.managedBlock(BlockableEventLoop.java:135) ~[paper-1.21.1.jar:1.21.1-81-13a2395]
	at net.minecraft.server.MinecraftServer.managedBlock(MinecraftServer.java:1466) ~[paper-1.21.1.jar:1.21.1-81-13a2395]
	at net.minecraft.server.MinecraftServer.waitUntilNextTick(MinecraftServer.java:1473) ~[paper-1.21.1.jar:1.21.1-81-13a2395]
	at net.minecraft.server.MinecraftServer.runServer(MinecraftServer.java:1318) ~[paper-1.21.1.jar:1.21.1-81-13a2395]
	at net.minecraft.server.MinecraftServer.lambda$spin$0(MinecraftServer.java:330) ~[paper-1.21.1.jar:1.21.1-81-13a2395]
	at java.base/java.lang.Thread.run(Thread.java:1583) ~[?:?]
[17:37:24] [Server thread/INFO]: Pachun lost connection: Disconnected
[17:37:24] [Server thread/INFO]: Pachun  salio
[17:37:29] [Server thread/INFO]: [STDOUT] [org.spigotmc.RestartCommand] Startup script './start.sh' does not exist! Stopping server.
[17:37:29] [Server thread/INFO]: Zotoo lost connection: Server is restarting
[17:37:29] [Server thread/INFO]: Zotoo  salio
[17:37:30] [Server thread/INFO]: Stopping server
[17:37:30] [Server thread/INFO]: [AdvancedServerList] Disabling AdvancedServerList v5.1.2
[17:37:30] [Server thread/INFO]: [AdvancedServerList] Saving playercache.json file...
[17:37:30] [Server thread/INFO]: [AdvancedServerList] Successfully saved playercache.json file.
[17:37:30] [Server thread/INFO]: [AdvancedServerList] Disabling Update Checker...
[17:37:30] [Server thread/INFO]: [AdvancedServerList] AdvancedServerList disabled!
[17:37:30] [Server thread/INFO]: [ClearLag] Disabling ClearLag v3.2.2
[17:37:30] [Server thread/INFO]: [ClearLag] Clearlag is now disabled!
[17:37:30] [Server thread/INFO]: [Essentials] Disabling Essentials v2.21.0-dev+151-f2af952
[17:37:30] [Server thread/INFO]: [VeinMiner] Disabling VeinMiner v2.2.6
[17:37:30] [Server thread/INFO]: [VeinMiner] Clearing localized data
[17:37:30] [Server thread/INFO]: [Chunky] Disabling Chunky v1.4.28
[17:37:30] [Server thread/INFO]: [LuckPerms] Disabling LuckPerms v5.4.150
[17:37:30] [Server thread/INFO]: [LuckPerms] Starting shutdown process...
[17:37:30] [Server thread/INFO]: [LuckPerms] Closing storage...
[17:37:30] [Server thread/INFO]: [LuckPerms] Goodbye!
[17:37:30] [Server thread/INFO]: Saving players
[17:37:30] [Server thread/INFO]: Saving worlds
[17:37:30] [Server thread/INFO]: Saving chunks for level 'ServerLevel[Wachines]'/minecraft:overworld
[17:37:30] [Server thread/INFO]: [ChunkHolderManager] Waiting 60s for chunk system to halt for world 'Wachines'
[17:37:30] [Server thread/INFO]: [ChunkHolderManager] Halted chunk system for world 'Wachines'
[17:37:30] [Server thread/INFO]: [ChunkHolderManager] Saving all chunkholders for world 'Wachines'
[17:37:32] [Server thread/INFO]: [ChunkHolderManager] Saved 333 block chunks, 333 entity chunks, 0 poi chunks in world 'Wachines' in 1.92s
[17:37:32] [Server thread/INFO]: Saving chunks for level 'ServerLevel[Wachines_nether]'/minecraft:the_nether
[17:37:32] [Server thread/INFO]: [ChunkHolderManager] Waiting 60s for chunk system to halt for world 'Wachines_nether'
[17:37:32] [Server thread/INFO]: [ChunkHolderManager] Halted chunk system for world 'Wachines_nether'
[17:37:32] [Server thread/INFO]: [ChunkHolderManager] Saving all chunkholders for world 'Wachines_nether'
[17:37:32] [Server thread/INFO]: [ChunkHolderManager] Saved 49 block chunks, 49 entity chunks, 0 poi chunks in world 'Wachines_nether' in 0.13s
[17:37:32] [Server thread/INFO]: Saving chunks for level 'ServerLevel[Wachines_the_end]'/minecraft:the_end
[17:37:32] [Server thread/INFO]: [ChunkHolderManager] Waiting 60s for chunk system to halt for world 'Wachines_the_end'
[17:37:32] [Server thread/INFO]: [ChunkHolderManager] Halted chunk system for world 'Wachines_the_end'
[17:37:32] [Server thread/INFO]: [ChunkHolderManager] Saving all chunkholders for world 'Wachines_the_end'
[17:37:32] [Server thread/INFO]: [ChunkHolderManager] Saved 49 block chunks, 49 entity chunks, 0 poi chunks in world 'Wachines_the_end' in 0.10s
[17:37:32] [Server thread/INFO]: ThreadedAnvilChunkStorage (Wachines): All chunks are saved
[17:37:32] [Server thread/INFO]: ThreadedAnvilChunkStorage (DIM-1): All chunks are saved
[17:37:32] [Server thread/INFO]: ThreadedAnvilChunkStorage (DIM1): All chunks are saved
[17:37:32] [Server thread/INFO]: ThreadedAnvilChunkStorage: All dimensions are saved
